TN:
SF:channel-embed.min.js
FN:32,$jscomp.arrayIteratorImpl
FN:32,$jscomp.arrayIterator
FN:33,$jscomp.defineProperty
FN:33,$jscomp.getGlobal
FN:33,$jscomp.initSymbol
FN:33,$jscomp.initSymbol
FN:34,$jscomp.initSymbolIterator
FN:34,value
FN:34,$jscomp.initSymbolIterator
FN:35,$jscomp.initSymbolAsyncIterator
FN:35,$jscomp.iteratorPrototype
FN:36,$jscomp.makeIterator
FN:36,$jscomp.arrayFromIterator
FN:36,$jscomp.arrayFromIterable
FN:37,module.exports.module.exports
FN:37,c
FN:37,d
FN:38,e
FN:38,f
FN:38,k
FN:39,m
FN:39,n
FN:39,w
FN:39,h
FN:40,r
FN:41,y
FN:42,D
FN:43,E
FN:43,z
FN:43,H
FN:44,L
FN:46,U
FN:46,B
FN:46,J
FN:46,O
FN:47,ia
FN:47,Z
FN:47,Q
FN:47,M
FN:48,K
FN:49,C
FN:50,S
FN:50,V
FN:50,T
FN:50,get
FN:50,na
FN:51,la
FN:52,aa
FN:52,ka
FN:52,R
FN:53,F
FN:53,ba
FN:53,W
FN:54,ha
FN:54,gb
FN:54,t
FN:57,xa
FN:57,v
FN:57,ma
FN:58,Ma
FN:58,mc
FN:59,Wa
FN:59,Mb
FN:59,oa
FN:59,nc
FN:60,g
FN:60,Yb
FN:60,toArray
FN:60,get
FN:60,pushStack
FN:61,each
FN:61,map
FN:61,slice
FN:61,first
FN:61,last
FN:61,eq
FN:61,end
FN:61,g.extend.g.fn.extend
FN:63,error
FN:63,noop
FN:63,isFunction
FN:63,g.extend.isArray
FN:63,isWindow
FN:63,isNumeric
FN:63,isEmptyObject
FN:63,isPlainObject
FN:64,type
FN:64,globalEval
FN:64,camelCase
FN:64,nodeName
FN:65,each
FN:65,trim
FN:65,makeArray
FN:65,inArray
FN:65,merge
FN:66,grep
FN:66,map
FN:66,proxy
FN:67,now
FN:67,b
FN:69,c
FN:69,a
FN:70,l
FN:70,d
FN:70,e
FN:70,g
FN:71,f
FN:71,h
FN:71,m
FN:71,k
FN:71,v
FN:71,r
FN:72,n
FN:72,w
FN:73,R
FN:73,p
FN:74,B
FN:75,ma
FN:76,W
FN:77,nb
FN:80,Q
FN:80,ob
FN:80,Wa.apply
FN:80,Wa.apply
FN:81,b.isXML
FN:81,b.setDocument
FN:82,oa.getById.M.find.ID
FN:82,oa.getById.M.filter.ID
FN:82,oa.getById.M.filter.ID
FN:83,M.find.TAG
FN:83,M.find.TAG
FN:83,M.find.CLASS
FN:87,Ma
FN:87,Ma
FN:87,W
FN:88,W
FN:89,b.matches
FN:89,b.matchesSelector
FN:89,b.contains
FN:90,b.attr
FN:90,b.error
FN:90,b.uniqueSort
FN:91,b.getText
FN:92,ATTR
FN:92,CHILD
FN:92,PSEUDO
FN:93,TAG
FN:93,CLASS
FN:93,ATTR
FN:94,CHILD
FN:96,PSEUDO
FN:98,target
FN:98,root
FN:98,focus
FN:99,enabled
FN:99,disabled
FN:99,checked
FN:99,selected
FN:99,empty
FN:99,parent
FN:99,header
FN:100,input
FN:100,button
FN:100,text
FN:101,b.tokenize
FN:102,b.compile
FN:102,b.select
FN:106,xb
FN:106,Cb
FN:107,g.filter
FN:107,find
FN:107,filter
FN:108,not
FN:108,is
FN:108,g.fn.init
FN:110,has
FN:110,closest
FN:111,index
FN:111,add
FN:111,addBack
FN:111,parent
FN:112,parents
FN:112,parentsUntil
FN:112,next
FN:112,prev
FN:112,nextAll
FN:112,prevAll
FN:112,nextUntil
FN:112,prevUntil
FN:112,siblings
FN:112,children
FN:113,contents
FN:113,g.fn.<computed>
FN:113,g.Callbacks
FN:113,k
FN:114,add
FN:114,jc
FN:114,remove
FN:114,has
FN:115,empty
FN:115,disable
FN:115,disabled
FN:115,lock
FN:115,locked
FN:115,fireWith
FN:115,fire
FN:115,fired
FN:115,Deferred
FN:116,state
FN:116,always
FN:116,then
FN:117,promise
FN:117,d.<computed>
FN:117,when
FN:118,g.fn.ready
FN:118,holdReady
FN:118,ready
FN:119,g.ready.promise
FN:120,P
FN:121,Qa
FN:122,hasData
FN:122,data
FN:122,removeData
FN:122,_data
FN:122,_removeData
FN:122,data
FN:123,removeData
FN:123,queue
FN:124,dequeue
FN:124,_queueHooks
FN:124,queue
FN:125,dequeue
FN:125,clearQueue
FN:125,promise
FN:126,I.shrinkWrapBlocks
FN:127,Xb
FN:127,db
FN:132,add
FN:134,remove
FN:136,trigger
FN:138,dispatch
FN:139,handlers
FN:140,fix
FN:142,filter
FN:142,filter
FN:143,trigger
FN:143,trigger
FN:143,trigger
FN:144,_default
FN:144,postDispatch
FN:144,simulate
FN:144,g.removeEvent
FN:144,g.removeEvent
FN:145,g.Event
FN:146,preventDefault
FN:146,stopPropagation
FN:146,stopImmediatePropagation
FN:147,handle
FN:147,setup
FN:148,postDispatch
FN:148,teardown
FN:148,setup
FN:150,handle
FN:150,teardown
FN:150,c
FN:150,setup
FN:151,teardown
FN:151,on
FN:151,one
FN:151,off
FN:152,trigger
FN:152,triggerHandler
FN:153,htmlPrefilter
FN:153,clone
FN:155,cleanData
FN:156,detach
FN:156,remove
FN:156,text
FN:156,append
FN:157,prepend
FN:157,before
FN:157,after
FN:157,empty
FN:158,clone
FN:158,html
FN:159,replaceWith
FN:160,g.fn.<computed>
FN:160,Qc
FN:160,a
FN:164,reliableHiddenOffsets
FN:164,boxSizingReliable
FN:164,pixelMarginRight
FN:164,pixelPosition
FN:164,reliableMarginRight
FN:164,reliableMarginLeft
FN:164,Ha
FN:165,mb
FN:165,Ha
FN:165,mb
FN:166,get
FN:167,style
FN:168,css
FN:169,get
FN:169,set
FN:169,get
FN:170,set
FN:171,expand
FN:171,css
FN:172,show
FN:172,hide
FN:172,toggle
FN:172,init
FN:173,cur
FN:173,run
FN:174,get
FN:174,set
FN:174,set
FN:175,linear
FN:175,swing
FN:175,g.Animation.g.extend.tweeners.*
FN:175,tweener
FN:176,g.Animation.g.extend.prefilters
FN:178,prefilter
FN:178,g.speed
FN:179,fadeTo
FN:180,animate
FN:180,stop
FN:181,finish
FN:182,g.fn.<computed>
FN:182,g.fn.<computed>
FN:182,g.fx.tick
FN:183,g.fx.timer
FN:183,g.fx.start
FN:183,g.fx.stop
FN:183,g.fn.delay
FN:185,val
FN:187,get
FN:187,get
FN:187,set
FN:188,set
FN:188,I.checkOn.g.valHooks.<computed>.get
FN:189,attr
FN:189,removeAttr
FN:189,attr
FN:190,set
FN:190,removeAttr
FN:191,set
FN:191,Sb.test.Ra.<computed>
FN:191,Sb.test.Ra.<computed>
FN:191,set
FN:192,set
FN:192,Ra.id.Ra.name.Ra.coords
FN:192,get
FN:193,set
FN:193,get
FN:193,set
FN:193,prop
FN:193,removeProp
FN:194,prop
FN:194,get
FN:195,get
FN:195,set
FN:196,addClass
FN:196,removeClass
FN:197,toggleClass
FN:198,hasClass
FN:199,g.fn.<computed>
FN:199,hover
FN:199,g.parseJSON
FN:200,g.parseXML
FN:202,ajaxSetup
FN:202,ajax
FN:211,getJSON
FN:211,getScript
FN:211,g.<computed>
FN:211,g._evalUrl
FN:211,wrapAll
FN:212,wrapInner
FN:212,wrap
FN:213,unwrap
FN:213,g.expr.filters.hidden
FN:213,g.expr.filters.visible
FN:213,g.param
FN:214,serialize
FN:214,serializeArray
FN:215,g.ajaxSettings.xhr
FN:218,text script
FN:220,jsonpCallback
FN:221,g.parseHTML
FN:222,g.fn.load
FN:223,g.fn.<computed>
FN:223,g.expr.filters.animated
FN:223,setOffset
FN:224,offset
FN:225,position
FN:226,offsetParent
FN:226,g.fn.<computed>
FN:227,g.fn.<computed>
FN:228,bind
FN:228,unbind
FN:228,delegate
FN:228,undelegate
FN:229,g.fn.size
FN:229,g.noConflict
FN:230,jQuery.uaMatch
FN:233,a
FN:233,b.htmlPrefilter
FN:234,b
FN:234,a
FN:234,c
FN:234,d
FN:234,e
FN:235,f
FN:235,k
FN:235,m
FN:235,n
FN:235,w
FN:235,h
FN:236,r
FN:236,y
FN:236,D
FN:236,E
FN:236,z
FN:237,H
FN:237,L
FN:237,U
FN:237,B
FN:237,J
FN:237,O
FN:237,ia
FN:237,Z
FN:238,Q
FN:238,M
FN:238,K
FN:238,C
FN:238,S
FN:238,V
FN:238,T
FN:238,na
FN:239,la
FN:239,aa
FN:239,ka
FN:239,R
FN:239,F
FN:239,ba
FN:240,W
FN:240,ha
FN:240,gb
FN:253,mb
FN:253,p
FN:254,J
FN:254,Ka
FN:254,fa
FN:254,Qa
FN:254,La
FN:255,ua
FN:255,Ha
FN:255,Ia
FN:255,eb
FN:256,Kb
FN:256,Wb
FN:256,$b
FN:256,Eb
FN:256,Ra
FN:256,Sb
FN:256,Fb
FN:257,bc
FN:257,ac
FN:257,Sa
FN:257,Rc
FN:257,Gb
FN:257,Na
FN:259,kc
FN:259,uc
FN:259,vc
FN:259,cc
FN:260,qe
FN:260,dc
FN:260,ud
FN:260,Da
FN:261,hb
FN:261,wc
FN:261,ec
FN:261,ab
FN:261,Sc
FN:261,Ea
FN:262,yb
FN:262,re
FN:262,ae
FN:262,xc
FN:263,se
FN:263,fc
FN:263,vd
FN:263,yc
FN:263,zc
FN:263,qb
FN:266,Tc
FN:266,Ac
FN:267,wd
FN:267,te
FN:267,l
FN:267,u
FN:267,x
FN:267,P
FN:267,bd
FN:268,Wd
FN:268,Xd
FN:268,Ve
FN:268,cd
FN:269,Yd
FN:269,We
FN:270,yg
FN:270,jc
FN:271,zg
FN:271,Zd
FN:271,gf
FN:271,ke
FN:271,me
FN:272,ja
FN:272,Hg
FN:272,Fg
FN:272,Bb
FN:272,Ig
FN:272,bb
FN:273,Jg
FN:273,id
FN:273,ie
FN:274,mf
FN:274,nf
FN:274,cb
FN:275,Ob
FN:275,fe
FN:275,jd
FN:276,ff
FN:276,ne
FN:276,of
FN:276,he
FN:276,oe
FN:277,Pb
FN:277,ub
FN:277,lf
FN:277,pe
FN:277,bf
FN:277,pf
FN:278,kf
FN:278,qf
FN:279,Xa
FN:279,vb
FN:279,Kg
FN:279,Lg
FN:279,ld
FN:279,qc
FN:280,rf
FN:280,sf
FN:280,Mg
FN:280,d
FN:281,tf
FN:281,pc
FN:281,Mc
FN:282,Cg
FN:282,uf
FN:283,vf
FN:284,md
FN:284,q
FN:285,cf
FN:285,nd
FN:286,ge
FN:286,od
FN:286,Dg
FN:287,df
FN:287,pd
FN:287,ef
FN:288,hd
FN:288,Ze
FN:288,tb
FN:290,de
FN:290,$e
FN:290,Ag
FN:290,af
FN:291,Bg
FN:293,Ab
FN:293,ee
FN:293,je
FN:293,Nc
FN:293,rc
FN:293,X
FN:294,kd
FN:294,le
FN:294,Zb
FN:294,hf
FN:295,Eg
FN:295,jf
FN:295,Gg
FN:297,Xg
FN:297,Hb
FN:297,Ta
FN:297,we
FN:298,Ce
FN:298,Vc
FN:298,Df
FN:298,Gf
FN:299,ye
FN:299,Of
FN:299,Tf
FN:299,xd
FN:300,zb
FN:300,ic
FN:300,ah
FN:300,xf
FN:301,Uf
FN:301,Vf
FN:301,Rf
FN:301,Wf
FN:301,jb
FN:301,Xf
FN:302,Ee
FN:302,Fe
FN:302,Yf
FN:302,Zf
FN:302,Hd
FN:302,dh
FN:302,$f
FN:302,ag
FN:303,Id
FN:303,cg
FN:303,dg
FN:303,eg
FN:303,fg
FN:303,gg
FN:305,Kd
FN:305,c
FN:306,Ld
FN:306,rb
FN:306,$a
FN:306,Aa
FN:306,Ge
FN:307,Ib
FN:307,ig
FN:307,Ad
FN:307,wa
FN:307,ya
FN:307,jg
FN:308,Wc
FN:308,Md
FN:308,fb
FN:308,kg
FN:309,Jb
FN:309,ea
FN:309,lg
FN:309,kb
FN:310,Ef
FN:310,qa
FN:310,ue
FN:310,xe
FN:310,Ja
FN:310,Ya
FN:310,mg
FN:311,Cc
FN:311,ng
FN:311,Mf
FN:311,Lf
FN:311,Ie
FN:311,Za
FN:311,De
FN:311,Je
FN:312,a.<computed>
FN:312,Ke
FN:312,Cf
FN:312,Le
FN:312,Me
FN:315,a
FN:316,Qa.clear
FN:316,Qa.delete
FN:316,Qa.get
FN:317,Qa.has
FN:317,Qa.set
FN:317,La.clear
FN:317,La.delete
FN:317,La.get
FN:318,La.has
FN:318,La.set
FN:318,ua.clear
FN:318,ua.delete
FN:318,ua.get
FN:318,ua.has
FN:319,ua.set
FN:319,Ha.add.Ha.push
FN:319,Ha.has
FN:319,Ia.clear
FN:319,Ia.delete
FN:319,Ia.get
FN:319,Ia.has
FN:320,Ia.set
FN:320,Qf
FN:320,sh
FN:320,hg
FN:320,$g
FN:321,Be
FN:321,Ae
FN:321,Kf
FN:321,Oa
FN:322,Uc
FN:327,Jd
FN:328,gc
FN:332,p.after
FN:333,p.castArray
FN:333,p.chunk
FN:333,p.compact
FN:334,p.concat
FN:334,p.cond
FN:334,p.conforms
FN:335,p.create
FN:335,p.drop
FN:335,p.dropRight
FN:335,p.dropRightWhile
FN:336,p.dropWhile
FN:336,p.fill
FN:336,p.filter
FN:336,p.flatMap
FN:336,p.flatMapDeep
FN:336,p.flatMapDepth
FN:337,p.flattenDeep
FN:337,p.flattenDepth
FN:337,p.flip
FN:337,p.fromPairs
FN:337,p.functions
FN:337,p.functionsIn
FN:338,p.initial
FN:338,p.mapKeys
FN:338,p.mapValues
FN:338,p.matches
FN:338,p.matchesProperty
FN:339,p.nthArg
FN:339,p.omitBy
FN:339,p.once
FN:339,p.orderBy
FN:340,p.propertyOf
FN:340,p.pullAllBy
FN:340,p.pullAllWith
FN:340,p.reject
FN:340,p.remove
FN:341,p.rest
FN:341,p.sampleSize
FN:341,p.set
FN:341,p.setWith
FN:341,p.shuffle
FN:341,p.slice
FN:342,p.sortedUniq
FN:342,p.sortedUniqBy
FN:342,p.split
FN:342,p.spread
FN:343,p.tail
FN:343,p.take
FN:343,p.takeRight
FN:343,p.takeRightWhile
FN:343,p.takeWhile
FN:343,p.tap
FN:344,p.throttle
FN:344,p.toPath
FN:344,p.transform
FN:345,p.unary
FN:345,p.uniq
FN:345,p.uniqBy
FN:345,p.uniqWith
FN:345,p.unset
FN:345,p.update
FN:345,p.updateWith
FN:346,p.valuesIn
FN:346,p.wrap
FN:346,p.zipObject
FN:346,p.zipObjectDeep
FN:347,p.clamp
FN:347,p.clone
FN:347,p.cloneDeep
FN:347,p.cloneDeepWith
FN:347,p.cloneWith
FN:347,p.conformsTo
FN:347,p.defaultTo
FN:347,p.endsWith
FN:348,p.escape
FN:348,p.escapeRegExp
FN:348,p.every
FN:348,p.findKey
FN:348,p.findLastKey
FN:349,p.forIn
FN:349,p.forInRight
FN:349,p.forOwn
FN:349,p.forOwnRight
FN:349,p.has
FN:349,p.includes
FN:350,p.indexOf
FN:350,p.inRange
FN:350,p.isBoolean
FN:350,p.isElement
FN:350,p.isEmpty
FN:351,p.isEqual
FN:351,p.isEqualWith
FN:351,p.isFinite
FN:352,p.isMatch
FN:352,p.isMatchWith
FN:352,p.isNaN
FN:352,p.isNative
FN:352,p.isNil
FN:352,p.isNull
FN:352,p.isSafeInteger
FN:353,p.isUndefined
FN:353,p.isWeakMap
FN:353,p.isWeakSet
FN:353,p.join
FN:353,p.lastIndexOf
FN:354,p.max
FN:354,p.maxBy
FN:354,p.mean
FN:354,p.meanBy
FN:354,p.min
FN:354,p.minBy
FN:354,p.stubObject
FN:354,p.stubString
FN:355,p.stubTrue
FN:355,p.nth
FN:355,p.noConflict
FN:355,p.pad
FN:355,p.padEnd
FN:355,p.padStart
FN:355,p.parseInt
FN:356,p.random
FN:356,p.reduce
FN:356,p.reduceRight
FN:357,p.repeat
FN:357,p.replace
FN:357,p.result
FN:357,p.sample
FN:357,p.size
FN:358,p.some
FN:358,p.sortedIndex
FN:358,p.sortedIndexBy
FN:358,p.sortedIndexOf
FN:358,p.sortedLastIndex
FN:358,p.sortedLastIndexBy
FN:358,p.sortedLastIndexOf
FN:359,p.startsWith
FN:359,p.sum
FN:359,p.sumBy
FN:359,p.template
FN:362,p.times
FN:362,p.toLower
FN:362,p.toSafeInteger
FN:362,p.toUpper
FN:362,p.trim
FN:363,p.trimEnd
FN:363,p.trimStart
FN:363,p.truncate
FN:364,p.unescape
FN:365,p.uniqueId
FN:365,fa.<computed>
FN:366,fa.<computed>
FN:366,fa.<computed>
FN:366,fa.<computed>
FN:367,fa.<computed>
FN:367,fa.compact
FN:367,fa.find
FN:367,fa.findLast
FN:367,fa.reject
FN:368,fa.slice
FN:368,fa.takeRightWhile
FN:368,fa.toArray
FN:369,p.<computed>
FN:370,p.<computed>
FN:370,fa.clone
FN:371,fa.reverse
FN:371,fa.value
FN:372,p.chain
FN:373,p.commit
FN:373,p.next
FN:373,p.plant
FN:373,p.reverse
FN:374,p.toJSON.p.valueOf.p.value
FN:423,e
FN:423,f
FN:423,k
FN:423,m
FN:423,n
FN:423,w
FN:423,h
FN:424,r
FN:424,y
FN:424,D
FN:424,E
FN:425,E.a.matchesSelector
FN:425,z
FN:425,H
FN:425,L
FN:426,U
FN:426,B
FN:426,J
FN:426,O
FN:426,ia
FN:426,Z
FN:427,Q
FN:427,M
FN:427,K
FN:428,C
FN:428,S
FN:429,V
FN:429,T
FN:429,na
FN:430,length
FN:430,add
FN:431,position
FN:431,lastVector
FN:432,lastDirection
FN:432,lastDistance
FN:432,totalVector
FN:432,totalDirection
FN:432,totalDistance
FN:432,totalCumulativeDistance
FN:433,duration
FN:433,firstEvent
FN:433,lastEvent
FN:433,eventAtIndex
FN:433,lastEventType
FN:433,lastVelocity
FN:434,lastSpeed
FN:434,clear
FN:434,initialTarget
FN:434,count
FN:434,pointerIds
FN:434,add
FN:435,set
FN:435,remove
FN:435,clear
FN:435,get
FN:435,has
FN:436,first
FN:436,last
FN:436,atIndex
FN:436,subset
FN:436,centroid
FN:437,averageDistanceFromPoint
FN:437,filter
FN:437,cluster
FN:438,_filter
FN:438,_sortKeys
FN:438,_keysToVals
FN:439,process
FN:439,cancelAsync
FN:439,reset
FN:440,getRule
FN:440,_processAsync
FN:440,_handleAsyncTimeout
FN:440,_processSync
FN:441,_applyMaybe
FN:441,_populate
FN:442,_returnObject
FN:442,recognize
FN:443,shouldBegin
FN:443,process
FN:443,reset
FN:443,fail
FN:444,trackedPointers
FN:444,hasTerminated
FN:444,requiresFail
FN:444,usesGlobalPointers
FN:445,shouldCapturePointers
FN:445,recognizerFailedAsynchronously
FN:445,recognizerStartedAsynchronously
FN:446,tryEmitPending
FN:446,emit
FN:446,process
FN:446,reset
FN:447,trackedPointers
FN:447,_processDownEvent
FN:448,_processUpEvent
FN:449,_handleTap
FN:450,_handleInterval
FN:450,_returnObject
FN:450,Z.emitTemplate
FN:451,before
FN:451,guard
FN:451,guard
FN:452,after
FN:452,guard
FN:452,after
FN:452,guard
FN:453,guard
FN:453,guard
FN:453,before
FN:454,guard
FN:454,before
FN:454,guard
FN:454,before
FN:455,guard
FN:455,process
FN:455,reset
FN:456,trackedPointers
FN:456,fail
FN:456,Q.emitTemplate
FN:456,before
FN:457,guard
FN:457,before
FN:457,guard
FN:458,before
FN:458,guard
FN:459,before
FN:459,before
FN:459,guard
FN:459,before
FN:460,guard
FN:460,process
FN:460,reset
FN:461,trackedPointers
FN:461,M.emitTemplate
FN:461,before
FN:462,guard
FN:462,before
FN:462,guard
FN:463,guard
FN:463,before
FN:464,before
FN:464,guard
FN:465,before
FN:465,guard
FN:465,process
FN:465,reset
FN:466,trackedPointers
FN:466,destroy
FN:467,count
FN:467,add
FN:467,remove
FN:467,removeAll
FN:467,get
FN:468,recognize
FN:468,tryReset
FN:468,on
FN:469,off
FN:469,tryEmitRecognizerEvent
FN:470,tryEmitPending
FN:470,emit
FN:471,cancel
FN:471,checkCapturePointers
FN:472,_populate
FN:472,_checkGesturesRequiredToFail
FN:473,_clearPendingEmits
FN:473,_handlePointerDown
FN:473,_handlePointerMove
FN:474,_handlePointerUp
FN:474,_handleCancelEvent
FN:474,_processRemovedPointers
FN:475,_processRemovedPointer
FN:475,C.cancelPointers
FN:477,applyIfExists
FN:477,createSimpleMutators
FN:477,get
FN:477,set
FN:479,e
FN:479,f
FN:480,k
FN:480,m
FN:481,n
FN:481,w
FN:481,h
FN:481,r
FN:482,y
FN:482,D
FN:482,E
FN:482,z
FN:482,H
FN:482,L
FN:483,U
FN:484,B
FN:485,B._boundHandlePointerMove
FN:485,B._boundHandlePointerUp
FN:485,B._boundHandlePointerDown
FN:486,J
FN:486,O
FN:487,ia
FN:487,Z
FN:487,Q
FN:487,move
FN:488,scale
FN:488,toss
FN:489,transform
FN:490,cancel
FN:491,_schedule
FN:491,_loop
FN:492,_runLoop
FN:492,dropIsAllowed
FN:492,tossIsAllowed
FN:493,tossBoundingBox
FN:493,reset
FN:494,setDropOptions
FN:494,setCancelOptions
FN:494,startTimeout
FN:495,stopTimeout
FN:495,_handleTimeoutExpired
FN:496,toss
FN:496,stopToss
FN:496,fall
FN:496,move
FN:497,append
FN:497,remove
FN:497,setShowAnimation
FN:497,setDropAnimation
FN:498,setCancelAnimation
FN:498,position
FN:498,show
FN:498,drop
FN:498,cancel
FN:498,transformToMatch
FN:499,_setAnimation
FN:499,_animate
FN:500,_updateTranslationOffset
FN:500,beginDrag
FN:502,terminateDrag
FN:503,registerDropzone
FN:503,deregisterDropzone
FN:503,hasDragForPointers
FN:503,hasDragForPointer
FN:503,getDragForPointer
FN:503,getDragFromPoint
FN:504,_handlePointerMove
FN:505,_handlePointerUp
FN:506,_handlePointerDown
FN:507,_floatDrag
FN:507,_trackDrag
FN:507,_stopTrackingDrag
FN:508,_performToss
FN:509,_performDrop
FN:512,makeTransformOrigin
FN:512,extractScale
FN:514,constructor
FN:514,delegateEvents
FN:514,undelegateEvents
FN:514,remove
FN:515,delegateSistineEvents
FN:515,undelegateSistineEvents
FN:517,b.Granite.HTTP.externalize
FN:526,updateTimezones
FN:527,isStrictlyNaN
FN:527,strictParseInt
FN:527,formatClassType
FN:527,unescapedIndexOf
FN:527,binsearchInsert
FN:528,dumpn
FN:528,clone
FN:529,foldline
FN:529,pad2
FN:529,trunc
FN:530,inherits
FN:530,d
FN:530,extend
FN:531,b
FN:531,fromICAL
FN:531,toICAL
FN:531,a
FN:533,fromICAL
FN:533,toICAL
FN:533,fromICAL
FN:533,toICAL
FN:533,fromICAL
FN:533,toICAL
FN:533,toICAL
FN:534,fromICAL
FN:534,decorate
FN:534,undecorate
FN:534,decorate
FN:534,undecorate
FN:534,decorate
FN:535,undecorate
FN:535,fromICAL
FN:535,toICAL
FN:535,fromICAL
FN:535,toICAL
FN:536,decorate
FN:536,undecorate
FN:536,decorate
FN:536,undecorate
FN:536,fromICAL
FN:536,toICAL
FN:537,decorate
FN:537,undecorate
FN:537,fromICAL
FN:537,toICAL
FN:538,decorate
FN:538,undecorate
FN:538,fromICAL
FN:538,toICAL
FN:540,detectType
FN:540,decorate
FN:540,undecorate
FN:541,fromICAL
FN:541,toICAL
FN:541,decorate
FN:541,undecorate
FN:541,fromICAL
FN:542,toICAL
FN:542,_splitZone
FN:543,decorate
FN:543,undecorate
FN:543,fromICAL
FN:543,toICAL
FN:543,decorate
FN:544,undecorate
FN:544,fromICAL
FN:544,toICAL
FN:546,toICAL
FN:546,fromICAL
FN:546,decorate
FN:546,undecorate
FN:546,detectType
FN:547,detectType
FN:551,getDesignSet
FN:552,b
FN:552,b.component
FN:553,b.property
FN:554,b.propertyValue
FN:555,b.multiValue
FN:555,b.value
FN:555,b._rfc6868Unescape
FN:556,b
FN:556,a
FN:556,a.property
FN:557,a.component
FN:557,a._handleContentLine
FN:560,a._parseValue
FN:560,a._parseParameters
FN:562,a._rfc6868Escape
FN:562,a._parseMultiValue
FN:563,a._eachLine
FN:564,b
FN:564,get name
FN:564,get _designSet
FN:564,_hydrateComponent
FN:565,_hydrateProperty
FN:565,getFirstSubcomponent
FN:565,getAllSubcomponents
FN:566,hasProperty
FN:566,getFirstProperty
FN:567,getFirstPropertyValue
FN:567,getAllProperties
FN:567,_removeObjectByIndex
FN:568,_removeObject
FN:568,_removeAllObjects
FN:568,addSubcomponent
FN:569,removeSubcomponent
FN:569,removeAllSubcomponents
FN:569,addProperty
FN:570,addPropertyWithValue
FN:570,updatePropertyWithValue
FN:570,removeProperty
FN:571,removeAllProperties
FN:571,toJSON
FN:571,toString
FN:571,b.fromString
FN:572,b
FN:572,get type
FN:572,get name
FN:572,get parent
FN:572,set parent
FN:572,get _designSet
FN:573,_updateType
FN:573,_hydrateValue
FN:574,_decorate
FN:574,_undecorate
FN:574,_setDecoratedValue
FN:574,getParameter
FN:574,getFirstParameter
FN:575,setParameter
FN:575,removeParameter
FN:575,getDefaultType
FN:575,resetType
FN:575,getFirstValue
FN:576,getValues
FN:576,removeAllValues
FN:576,setValues
FN:577,setValue
FN:577,toJSON
FN:577,toICALString
FN:577,b.fromString
FN:578,b
FN:578,clone
FN:578,fromData
FN:578,fromSeconds
FN:578,toSeconds
FN:579,compare
FN:579,_normalize
FN:579,toICALString
FN:579,toString
FN:579,b.fromString
FN:580,b.fromSeconds
FN:581,b
FN:581,decodeValue
FN:581,setEncodedValue
FN:581,_b64_encode
FN:582,_b64_decode
FN:583,toString
FN:583,b.fromString
FN:584,ICAL.Period
FN:585,clone
FN:585,getDuration
FN:585,getEnd
FN:586,toString
FN:586,toJSON
FN:586,toICALString
FN:586,ICAL.Period.fromString
FN:587,ICAL.Period.fromData
FN:587,ICAL.Period.fromJSON
FN:588,ICAL.Duration
FN:588,clone
FN:588,toSeconds
FN:588,fromSeconds
FN:589,fromData
FN:589,reset
FN:590,compare
FN:590,normalize
FN:590,toString
FN:590,toICALString
FN:591,ICAL.Duration.fromSeconds
FN:591,ICAL.Duration.isValueString
FN:591,ICAL.Duration.fromString
FN:592,ICAL.Duration.fromData
FN:593,ICAL.Timezone
FN:593,fromData
FN:594,utcOffset
FN:596,_findNearbyChange
FN:596,_ensureCoverage
FN:597,_expandComponent
FN:600,toString
FN:600,ICAL.Timezone._compare_change_fn
FN:601,ICAL.Timezone.convert_time
FN:601,ICAL.Timezone.fromData
FN:602,ICAL.Timezone.adjust_change
FN:603,reset
FN:603,has
FN:603,get
FN:603,register
FN:603,remove
FN:604,ICAL.Time
FN:604,get icaltype
FN:604,clone
FN:604,reset
FN:605,resetTo
FN:605,fromJSDate
FN:606,fromData
FN:607,dayOfWeek
FN:607,dayOfYear
FN:608,startOfWeek
FN:608,endOfWeek
FN:608,startOfMonth
FN:608,endOfMonth
FN:609,startOfYear
FN:609,endOfYear
FN:609,startDoyWeek
FN:609,getDominicalLetter
FN:609,nthWeekDay
FN:610,isNthWeekDay
FN:610,weekNumber
FN:611,addDuration
FN:611,subtractDate
FN:612,subtractDateTz
FN:612,compare
FN:612,compareDateOnlyTz
FN:612,convertToZone
FN:613,utcOffset
FN:613,toICALString
FN:613,toString
FN:614,toJSDate
FN:614,_normalize
FN:615,adjust
FN:616,fromUnixTime
FN:617,toUnixTime
FN:617,toJSON
FN:617,b
FN:617,get
FN:618,set
FN:618,ICAL.Time.daysInMonth
FN:619,ICAL.Time.isLeapYear
FN:619,ICAL.Time.fromDayOfYear
FN:620,ICAL.Time.fromStringv2
FN:620,ICAL.Time.fromDateString
FN:620,ICAL.Time.fromDateTimeString
FN:621,ICAL.Time.fromString
FN:622,ICAL.Time.fromJSDate
FN:622,ICAL.Time.fromData
FN:622,ICAL.Time.now
FN:622,ICAL.Time.weekOneStarts
FN:623,ICAL.Time.getDominicalLetter
FN:623,ICAL.Time._cmp_attr
FN:625,ICAL.VCardTime
FN:625,clone
FN:625,_normalize
FN:625,utcOffset
FN:626,toICALString
FN:626,toString
FN:627,ICAL.VCardTime.fromDateAndOrTimeString
FN:630,b
FN:630,ICAL.Recur
FN:631,iterator
FN:631,clone
FN:631,isFinite
FN:631,isByCount
FN:631,addComponent
FN:632,setComponent
FN:632,getComponent
FN:632,getNextOccurrence
FN:632,fromData
FN:633,toJSON
FN:634,toString
FN:635,ICAL.Recur.icalDayToNumericDay
FN:635,ICAL.Recur.numericDayToIcalDay
FN:635,FREQ
FN:635,COUNT
FN:636,INTERVAL
FN:636,UNTIL
FN:636,WKST
FN:637,BYDAY
FN:637,ICAL.Recur.fromString
FN:637,ICAL.Recur.fromData
FN:637,ICAL.Recur._stringToData
FN:639,b
FN:639,fromData
FN:640,init
FN:645,next
FN:647,next_second
FN:647,increment_second
FN:647,next_minute
FN:647,increment_minute
FN:647,next_hour
FN:648,increment_hour
FN:648,next_day
FN:648,next_week
FN:649,normalizeByMonthDayRules
FN:649,_byDayAndMonthDay
FN:651,next_month
FN:653,next_weekday_by_week
FN:654,next_year
FN:655,_nextByYearDay
FN:655,ruleDayOfWeek
FN:655,next_generic
FN:656,increment_monthday
FN:656,increment_month
FN:657,increment_year
FN:657,increment_generic
FN:658,has_by_data
FN:658,expand_year_days
FN:664,expand_by_day
FN:665,is_day_in_byday
FN:666,check_set_position
FN:666,sort_byday_rules
FN:666,check_contract_restriction
FN:667,check_contracting_rules
FN:668,setup_defaults
FN:668,toJSON
FN:671,b
FN:671,a
FN:671,c
FN:671,fromData
FN:673,next
FN:673,toJSON
FN:674,_extractDates
FN:675,_init
FN:676,_nextExDay
FN:676,_nextRuleDay
FN:677,_nextRecurrenceIter
FN:678,b
FN:679,a
FN:679,relateException
FN:680,modifiesFuture
FN:680,findRangeException
FN:680,getOccurrenceDetails
FN:682,iterator
FN:682,isRecurring
FN:682,isRecurrenceException
FN:683,getRecurrenceTypes
FN:683,get uid
FN:683,set uid
FN:683,get startDate
FN:683,set startDate
FN:683,get endDate
FN:684,set endDate
FN:684,get duration
FN:684,set duration
FN:684,get location
FN:684,set location
FN:684,get attendees
FN:685,get summary
FN:685,set summary
FN:685,get description
FN:685,set description
FN:685,get organizer
FN:685,set organizer
FN:685,get sequence
FN:685,set sequence
FN:685,get recurrenceId
FN:685,set recurrenceId
FN:686,_setTime
FN:686,_setProp
FN:686,_firstProp
FN:686,toString
FN:687,b
FN:687,oncomplete
FN:687,onerror
FN:687,ontimezone
FN:687,onevent
FN:687,process
FN:689,Array.indexOf.Array.indexOf
FN:689,String.trim.String.trim
FN:690,b.array.sort
FN:690,b.array.next
FN:690,b.array.nextInvalid
FN:690,b.array.prev
FN:691,b.array.prevInvalid
FN:691,val
FN:691,isValid
FN:691,extent
FN:692,start
FN:692,end
FN:692,next
FN:692,prev
FN:693,val
FN:693,isValid
FN:693,extent
FN:693,start
FN:693,end
FN:694,next
FN:694,prev
FN:695,val
FN:695,isValid
FN:695,extent
FN:695,start
FN:695,end
FN:695,next
FN:695,prev
FN:696,val
FN:696,isValid
FN:696,extent
FN:696,start
FN:696,end
FN:696,next
FN:697,prev
FN:697,val
FN:697,isValid
FN:697,extent
FN:697,start
FN:697,end
FN:698,next
FN:698,prev
FN:698,val
FN:698,isValid
FN:699,extent
FN:699,start
FN:699,end
FN:699,next
FN:699,prev
FN:700,val
FN:700,isValid
FN:700,extent
FN:700,start
FN:700,end
FN:700,next
FN:701,prev
FN:701,val
FN:701,isValid
FN:701,extent
FN:701,start
FN:701,end
FN:701,next
FN:702,prev
FN:702,val
FN:702,isValid
FN:702,extent
FN:702,start
FN:702,end
FN:702,next
FN:703,prev
FN:703,val
FN:703,isValid
FN:703,extent
FN:704,start
FN:704,end
FN:704,next
FN:705,prev
FN:705,val
FN:705,isValid
FN:706,extent
FN:706,start
FN:706,end
FN:706,next
FN:707,prev
FN:707,val
FN:708,isValid
FN:708,extent
FN:708,start
FN:708,end
FN:708,next
FN:708,prev
FN:708,val
FN:708,isValid
FN:709,extent
FN:709,start
FN:709,end
FN:709,next
FN:709,prev
FN:709,b.modifier.after.b.modifier.a
FN:710,b.modifier.before.b.modifier.b
FN:710,b.compile
FN:712,b.schedule
FN:718,b.setTimeout
FN:718,b.setInterval
FN:719,b.date.timezone
FN:719,b.date.build
FN:719,b.date.build
FN:720,b.date.UTC
FN:720,b.date.localTime
FN:720,b.date.next
FN:720,b.date.nextRollover
FN:721,b.date.prev
FN:721,b.date.prevRollover
FN:721,b.parse.cron
FN:725,b.parse.recur
FN:729,b.parse.text
FN:738,c
FN:738,d
FN:738,e
FN:738,f
FN:738,k
FN:738,m
FN:738,n
FN:738,w
FN:738,h
FN:739,r
FN:739,y
FN:739,D
FN:739,E
FN:739,z
FN:741,requirejs
FN:741,W.config
FN:742,W.nextTick
FN:742,W.nextTick
FN:742,newContext
FN:765,W.createNode
FN:766,W.load
FN:768,define
FN:769,W.exec
FN:770,b
FN:770,a
FN:770,test
FN:770,define
FN:778,c
FNF:1649
FNH:161
FNDA:0,$jscomp.arrayIteratorImpl
FNDA:0,$jscomp.arrayIterator
FNDA:0,$jscomp.defineProperty
FNDA:1,$jscomp.getGlobal
FNDA:1,$jscomp.initSymbol
FNDA:1,$jscomp.initSymbol
FNDA:1,$jscomp.initSymbolIterator
FNDA:0,value
FNDA:1,$jscomp.initSymbolIterator
FNDA:0,$jscomp.initSymbolAsyncIterator
FNDA:0,$jscomp.iteratorPrototype
FNDA:1,$jscomp.makeIterator
FNDA:1,$jscomp.arrayFromIterator
FNDA:1,$jscomp.arrayFromIterable
FNDA:0,module.exports.module.exports
FNDA:1,c
FNDA:0,d
FNDA:0,e
FNDA:1,f
FNDA:0,k
FNDA:0,m
FNDA:0,n
FNDA:0,w
FNDA:1,h
FNDA:0,r
FNDA:0,y
FNDA:1,D
FNDA:0,E
FNDA:0,z
FNDA:0,H
FNDA:0,L
FNDA:0,U
FNDA:1,B
FNDA:0,J
FNDA:0,O
FNDA:0,ia
FNDA:0,Z
FNDA:0,Q
FNDA:0,M
FNDA:0,K
FNDA:0,C
FNDA:0,S
FNDA:0,V
FNDA:1,T
FNDA:0,get
FNDA:0,na
FNDA:0,la
FNDA:0,aa
FNDA:0,ka
FNDA:0,R
FNDA:0,F
FNDA:0,ba
FNDA:1,W
FNDA:0,ha
FNDA:0,gb
FNDA:0,t
FNDA:0,xa
FNDA:1,v
FNDA:0,ma
FNDA:1,Ma
FNDA:0,mc
FNDA:0,Wa
FNDA:1,Mb
FNDA:0,oa
FNDA:0,nc
FNDA:1,g
FNDA:0,Yb
FNDA:0,toArray
FNDA:0,get
FNDA:0,pushStack
FNDA:1,each
FNDA:0,map
FNDA:0,slice
FNDA:0,first
FNDA:0,last
FNDA:0,eq
FNDA:0,end
FNDA:1,g.extend.g.fn.extend
FNDA:0,error
FNDA:0,noop
FNDA:1,isFunction
FNDA:0,g.extend.isArray
FNDA:1,isWindow
FNDA:0,isNumeric
FNDA:0,isEmptyObject
FNDA:1,isPlainObject
FNDA:1,type
FNDA:0,globalEval
FNDA:0,camelCase
FNDA:0,nodeName
FNDA:1,each
FNDA:0,trim
FNDA:1,makeArray
FNDA:0,inArray
FNDA:0,merge
FNDA:0,grep
FNDA:0,map
FNDA:0,proxy
FNDA:1,now
FNDA:0,b
FNDA:1,c
FNDA:0,a
FNDA:1,l
FNDA:1,d
FNDA:0,e
FNDA:0,g
FNDA:1,f
FNDA:1,h
FNDA:1,m
FNDA:0,k
FNDA:1,v
FNDA:0,r
FNDA:0,n
FNDA:0,w
FNDA:0,R
FNDA:0,p
FNDA:0,B
FNDA:0,ma
FNDA:1,W
FNDA:0,nb
FNDA:0,Q
FNDA:0,ob
FNDA:0,Wa.apply
FNDA:0,Wa.apply
FNDA:1,b.isXML
FNDA:1,b.setDocument
FNDA:0,oa.getById.M.find.ID
FNDA:0,oa.getById.M.filter.ID
FNDA:0,oa.getById.M.filter.ID
FNDA:0,M.find.TAG
FNDA:0,M.find.TAG
FNDA:0,M.find.CLASS
FNDA:0,Ma
FNDA:0,Ma
FNDA:0,W
FNDA:0,W
FNDA:0,b.matches
FNDA:0,b.matchesSelector
FNDA:0,b.contains
FNDA:0,b.attr
FNDA:0,b.error
FNDA:0,b.uniqueSort
FNDA:0,b.getText
FNDA:0,ATTR
FNDA:0,CHILD
FNDA:0,PSEUDO
FNDA:0,TAG
FNDA:0,CLASS
FNDA:0,ATTR
FNDA:0,CHILD
FNDA:0,PSEUDO
FNDA:0,target
FNDA:0,root
FNDA:0,focus
FNDA:0,enabled
FNDA:0,disabled
FNDA:0,checked
FNDA:0,selected
FNDA:0,empty
FNDA:0,parent
FNDA:0,header
FNDA:0,input
FNDA:0,button
FNDA:0,text
FNDA:0,b.tokenize
FNDA:0,b.compile
FNDA:0,b.select
FNDA:0,xb
FNDA:0,Cb
FNDA:0,g.filter
FNDA:0,find
FNDA:0,filter
FNDA:0,not
FNDA:0,is
FNDA:1,g.fn.init
FNDA:0,has
FNDA:0,closest
FNDA:0,index
FNDA:0,add
FNDA:0,addBack
FNDA:0,parent
FNDA:0,parents
FNDA:0,parentsUntil
FNDA:0,next
FNDA:0,prev
FNDA:0,nextAll
FNDA:0,prevAll
FNDA:0,nextUntil
FNDA:0,prevUntil
FNDA:0,siblings
FNDA:0,children
FNDA:0,contents
FNDA:0,g.fn.<computed>
FNDA:1,g.Callbacks
FNDA:1,k
FNDA:1,add
FNDA:1,jc
FNDA:0,remove
FNDA:0,has
FNDA:0,empty
FNDA:1,disable
FNDA:0,disabled
FNDA:1,lock
FNDA:0,locked
FNDA:1,fireWith
FNDA:0,fire
FNDA:0,fired
FNDA:1,Deferred
FNDA:0,state
FNDA:0,always
FNDA:0,then
FNDA:1,promise
FNDA:0,d.<computed>
FNDA:0,when
FNDA:1,g.fn.ready
FNDA:0,holdReady
FNDA:1,ready
FNDA:1,g.ready.promise
FNDA:0,P
FNDA:1,Qa
FNDA:1,hasData
FNDA:0,data
FNDA:0,removeData
FNDA:1,_data
FNDA:0,_removeData
FNDA:0,data
FNDA:0,removeData
FNDA:0,queue
FNDA:0,dequeue
FNDA:0,_queueHooks
FNDA:0,queue
FNDA:0,dequeue
FNDA:0,clearQueue
FNDA:0,promise
FNDA:0,I.shrinkWrapBlocks
FNDA:0,Xb
FNDA:0,db
FNDA:0,add
FNDA:1,remove
FNDA:1,trigger
FNDA:0,dispatch
FNDA:0,handlers
FNDA:0,fix
FNDA:0,filter
FNDA:0,filter
FNDA:0,trigger
FNDA:0,trigger
FNDA:0,trigger
FNDA:0,_default
FNDA:0,postDispatch
FNDA:0,simulate
FNDA:0,g.removeEvent
FNDA:0,g.removeEvent
FNDA:1,g.Event
FNDA:0,preventDefault
FNDA:0,stopPropagation
FNDA:0,stopImmediatePropagation
FNDA:0,handle
FNDA:0,setup
FNDA:0,postDispatch
FNDA:0,teardown
FNDA:0,setup
FNDA:0,handle
FNDA:0,teardown
FNDA:0,c
FNDA:0,setup
FNDA:0,teardown
FNDA:0,on
FNDA:0,one
FNDA:1,off
FNDA:0,trigger
FNDA:1,triggerHandler
FNDA:0,htmlPrefilter
FNDA:0,clone
FNDA:0,cleanData
FNDA:0,detach
FNDA:0,remove
FNDA:0,text
FNDA:0,append
FNDA:0,prepend
FNDA:0,before
FNDA:0,after
FNDA:0,empty
FNDA:0,clone
FNDA:0,html
FNDA:0,replaceWith
FNDA:0,g.fn.<computed>
FNDA:0,Qc
FNDA:0,a
FNDA:0,reliableHiddenOffsets
FNDA:0,boxSizingReliable
FNDA:0,pixelMarginRight
FNDA:0,pixelPosition
FNDA:0,reliableMarginRight
FNDA:0,reliableMarginLeft
FNDA:0,Ha
FNDA:0,mb
FNDA:0,Ha
FNDA:0,mb
FNDA:0,get
FNDA:0,style
FNDA:0,css
FNDA:0,get
FNDA:0,set
FNDA:0,get
FNDA:0,set
FNDA:0,expand
FNDA:0,css
FNDA:0,show
FNDA:0,hide
FNDA:0,toggle
FNDA:0,init
FNDA:0,cur
FNDA:0,run
FNDA:0,get
FNDA:0,set
FNDA:0,set
FNDA:0,linear
FNDA:0,swing
FNDA:0,g.Animation.g.extend.tweeners.*
FNDA:0,tweener
FNDA:0,g.Animation.g.extend.prefilters
FNDA:0,prefilter
FNDA:0,g.speed
FNDA:0,fadeTo
FNDA:0,animate
FNDA:0,stop
FNDA:0,finish
FNDA:0,g.fn.<computed>
FNDA:0,g.fn.<computed>
FNDA:0,g.fx.tick
FNDA:0,g.fx.timer
FNDA:0,g.fx.start
FNDA:0,g.fx.stop
FNDA:0,g.fn.delay
FNDA:0,val
FNDA:0,get
FNDA:0,get
FNDA:0,set
FNDA:0,set
FNDA:0,I.checkOn.g.valHooks.<computed>.get
FNDA:0,attr
FNDA:0,removeAttr
FNDA:0,attr
FNDA:0,set
FNDA:0,removeAttr
FNDA:0,set
FNDA:0,Sb.test.Ra.<computed>
FNDA:0,Sb.test.Ra.<computed>
FNDA:0,set
FNDA:0,set
FNDA:0,Ra.id.Ra.name.Ra.coords
FNDA:0,get
FNDA:0,set
FNDA:0,get
FNDA:0,set
FNDA:0,prop
FNDA:0,removeProp
FNDA:0,prop
FNDA:0,get
FNDA:0,get
FNDA:0,set
FNDA:0,addClass
FNDA:0,removeClass
FNDA:0,toggleClass
FNDA:0,hasClass
FNDA:0,g.fn.<computed>
FNDA:0,hover
FNDA:0,g.parseJSON
FNDA:0,g.parseXML
FNDA:1,ajaxSetup
FNDA:0,ajax
FNDA:0,getJSON
FNDA:0,getScript
FNDA:0,g.<computed>
FNDA:0,g._evalUrl
FNDA:0,wrapAll
FNDA:0,wrapInner
FNDA:0,wrap
FNDA:0,unwrap
FNDA:0,g.expr.filters.hidden
FNDA:0,g.expr.filters.visible
FNDA:0,g.param
FNDA:0,serialize
FNDA:0,serializeArray
FNDA:0,g.ajaxSettings.xhr
FNDA:0,text script
FNDA:0,jsonpCallback
FNDA:0,g.parseHTML
FNDA:0,g.fn.load
FNDA:0,g.fn.<computed>
FNDA:0,g.expr.filters.animated
FNDA:0,setOffset
FNDA:0,offset
FNDA:0,position
FNDA:0,offsetParent
FNDA:0,g.fn.<computed>
FNDA:0,g.fn.<computed>
FNDA:0,bind
FNDA:0,unbind
FNDA:0,delegate
FNDA:0,undelegate
FNDA:0,g.fn.size
FNDA:0,g.noConflict
FNDA:1,jQuery.uaMatch
FNDA:0,a
FNDA:0,b.htmlPrefilter
FNDA:1,b
FNDA:0,a
FNDA:1,c
FNDA:0,d
FNDA:0,e
FNDA:1,f
FNDA:1,k
FNDA:0,m
FNDA:0,n
FNDA:0,w
FNDA:0,h
FNDA:0,r
FNDA:0,y
FNDA:0,D
FNDA:0,E
FNDA:0,z
FNDA:0,H
FNDA:0,L
FNDA:0,U
FNDA:1,B
FNDA:1,J
FNDA:0,O
FNDA:0,ia
FNDA:0,Z
FNDA:0,Q
FNDA:0,M
FNDA:0,K
FNDA:0,C
FNDA:0,S
FNDA:0,V
FNDA:0,T
FNDA:0,na
FNDA:0,la
FNDA:0,aa
FNDA:1,ka
FNDA:0,R
FNDA:1,F
FNDA:0,ba
FNDA:0,W
FNDA:0,ha
FNDA:0,gb
FNDA:1,mb
FNDA:0,p
FNDA:0,J
FNDA:0,Ka
FNDA:0,fa
FNDA:1,Qa
FNDA:0,La
FNDA:1,ua
FNDA:0,Ha
FNDA:0,Ia
FNDA:0,eb
FNDA:0,Kb
FNDA:0,Wb
FNDA:0,$b
FNDA:0,Eb
FNDA:1,Ra
FNDA:0,Sb
FNDA:0,Fb
FNDA:0,bc
FNDA:0,ac
FNDA:1,Sa
FNDA:0,Rc
FNDA:0,Gb
FNDA:0,Na
FNDA:0,kc
FNDA:0,uc
FNDA:0,vc
FNDA:0,cc
FNDA:0,qe
FNDA:0,dc
FNDA:0,ud
FNDA:0,Da
FNDA:1,hb
FNDA:0,wc
FNDA:1,ec
FNDA:0,ab
FNDA:0,Sc
FNDA:1,Ea
FNDA:0,yb
FNDA:0,re
FNDA:0,ae
FNDA:0,xc
FNDA:0,se
FNDA:0,fc
FNDA:1,vd
FNDA:0,yc
FNDA:0,zc
FNDA:0,qb
FNDA:0,Tc
FNDA:0,Ac
FNDA:1,wd
FNDA:0,te
FNDA:0,l
FNDA:0,u
FNDA:1,x
FNDA:1,P
FNDA:0,bd
FNDA:0,Wd
FNDA:0,Xd
FNDA:0,Ve
FNDA:0,cd
FNDA:0,Yd
FNDA:0,We
FNDA:0,yg
FNDA:0,jc
FNDA:0,zg
FNDA:0,Zd
FNDA:0,gf
FNDA:0,ke
FNDA:0,me
FNDA:1,ja
FNDA:0,Hg
FNDA:0,Fg
FNDA:0,Bb
FNDA:0,Ig
FNDA:0,bb
FNDA:0,Jg
FNDA:0,id
FNDA:0,ie
FNDA:0,mf
FNDA:0,nf
FNDA:0,cb
FNDA:0,Ob
FNDA:0,fe
FNDA:0,jd
FNDA:0,ff
FNDA:0,ne
FNDA:0,of
FNDA:0,he
FNDA:0,oe
FNDA:0,Pb
FNDA:0,ub
FNDA:0,lf
FNDA:0,pe
FNDA:0,bf
FNDA:0,pf
FNDA:0,kf
FNDA:0,qf
FNDA:0,Xa
FNDA:1,vb
FNDA:0,Kg
FNDA:0,Lg
FNDA:1,ld
FNDA:1,qc
FNDA:1,rf
FNDA:1,sf
FNDA:1,Mg
FNDA:0,d
FNDA:1,tf
FNDA:1,pc
FNDA:1,Mc
FNDA:0,Cg
FNDA:1,uf
FNDA:1,vf
FNDA:1,md
FNDA:0,q
FNDA:1,cf
FNDA:1,nd
FNDA:1,ge
FNDA:0,od
FNDA:0,Dg
FNDA:1,df
FNDA:1,pd
FNDA:0,ef
FNDA:1,hd
FNDA:1,Ze
FNDA:1,tb
FNDA:0,de
FNDA:0,$e
FNDA:0,Ag
FNDA:0,af
FNDA:0,Bg
FNDA:1,Ab
FNDA:0,ee
FNDA:0,je
FNDA:0,Nc
FNDA:0,rc
FNDA:1,X
FNDA:0,kd
FNDA:0,le
FNDA:1,Zb
FNDA:0,hf
FNDA:0,Eg
FNDA:0,jf
FNDA:0,Gg
FNDA:0,Xg
FNDA:0,Hb
FNDA:0,Ta
FNDA:0,we
FNDA:0,Ce
FNDA:1,Vc
FNDA:0,Df
FNDA:1,Gf
FNDA:0,ye
FNDA:1,Of
FNDA:1,Tf
FNDA:0,xd
FNDA:0,zb
FNDA:1,ic
FNDA:1,ah
FNDA:0,xf
FNDA:0,Uf
FNDA:0,Vf
FNDA:0,Rf
FNDA:0,Wf
FNDA:0,jb
FNDA:0,Xf
FNDA:0,Ee
FNDA:0,Fe
FNDA:0,Yf
FNDA:0,Zf
FNDA:0,Hd
FNDA:0,dh
FNDA:1,$f
FNDA:0,ag
FNDA:0,Id
FNDA:0,cg
FNDA:0,dg
FNDA:0,eg
FNDA:0,fg
FNDA:0,gg
FNDA:1,Kd
FNDA:0,c
FNDA:0,Ld
FNDA:1,rb
FNDA:1,$a
FNDA:0,Aa
FNDA:0,Ge
FNDA:1,Ib
FNDA:0,ig
FNDA:1,Ad
FNDA:1,wa
FNDA:1,ya
FNDA:0,jg
FNDA:0,Wc
FNDA:0,Md
FNDA:0,fb
FNDA:0,kg
FNDA:0,Jb
FNDA:0,ea
FNDA:0,lg
FNDA:0,kb
FNDA:0,Ef
FNDA:0,qa
FNDA:0,ue
FNDA:0,xe
FNDA:1,Ja
FNDA:1,Ya
FNDA:0,mg
FNDA:0,Cc
FNDA:0,ng
FNDA:0,Mf
FNDA:0,Lf
FNDA:1,Ie
FNDA:1,Za
FNDA:0,De
FNDA:1,Je
FNDA:0,a.<computed>
FNDA:0,Ke
FNDA:0,Cf
FNDA:0,Le
FNDA:0,Me
FNDA:0,a
FNDA:1,Qa.clear
FNDA:0,Qa.delete
FNDA:0,Qa.get
FNDA:0,Qa.has
FNDA:0,Qa.set
FNDA:0,La.clear
FNDA:0,La.delete
FNDA:0,La.get
FNDA:0,La.has
FNDA:0,La.set
FNDA:1,ua.clear
FNDA:0,ua.delete
FNDA:0,ua.get
FNDA:0,ua.has
FNDA:0,ua.set
FNDA:0,Ha.add.Ha.push
FNDA:0,Ha.has
FNDA:0,Ia.clear
FNDA:0,Ia.delete
FNDA:0,Ia.get
FNDA:0,Ia.has
FNDA:0,Ia.set
FNDA:1,Qf
FNDA:1,sh
FNDA:0,hg
FNDA:0,$g
FNDA:1,Be
FNDA:0,Ae
FNDA:0,Kf
FNDA:0,Oa
FNDA:0,Uc
FNDA:0,Jd
FNDA:0,gc
FNDA:0,p.after
FNDA:0,p.castArray
FNDA:0,p.chunk
FNDA:0,p.compact
FNDA:0,p.concat
FNDA:0,p.cond
FNDA:0,p.conforms
FNDA:0,p.create
FNDA:0,p.drop
FNDA:0,p.dropRight
FNDA:0,p.dropRightWhile
FNDA:0,p.dropWhile
FNDA:0,p.fill
FNDA:0,p.filter
FNDA:0,p.flatMap
FNDA:0,p.flatMapDeep
FNDA:0,p.flatMapDepth
FNDA:0,p.flattenDeep
FNDA:0,p.flattenDepth
FNDA:0,p.flip
FNDA:0,p.fromPairs
FNDA:0,p.functions
FNDA:0,p.functionsIn
FNDA:0,p.initial
FNDA:0,p.mapKeys
FNDA:0,p.mapValues
FNDA:0,p.matches
FNDA:0,p.matchesProperty
FNDA:0,p.nthArg
FNDA:0,p.omitBy
FNDA:0,p.once
FNDA:0,p.orderBy
FNDA:0,p.propertyOf
FNDA:0,p.pullAllBy
FNDA:0,p.pullAllWith
FNDA:0,p.reject
FNDA:0,p.remove
FNDA:0,p.rest
FNDA:0,p.sampleSize
FNDA:0,p.set
FNDA:0,p.setWith
FNDA:0,p.shuffle
FNDA:0,p.slice
FNDA:0,p.sortedUniq
FNDA:0,p.sortedUniqBy
FNDA:0,p.split
FNDA:0,p.spread
FNDA:0,p.tail
FNDA:0,p.take
FNDA:0,p.takeRight
FNDA:0,p.takeRightWhile
FNDA:0,p.takeWhile
FNDA:0,p.tap
FNDA:0,p.throttle
FNDA:0,p.toPath
FNDA:0,p.transform
FNDA:0,p.unary
FNDA:0,p.uniq
FNDA:0,p.uniqBy
FNDA:0,p.uniqWith
FNDA:0,p.unset
FNDA:0,p.update
FNDA:0,p.updateWith
FNDA:0,p.valuesIn
FNDA:0,p.wrap
FNDA:0,p.zipObject
FNDA:0,p.zipObjectDeep
FNDA:0,p.clamp
FNDA:0,p.clone
FNDA:0,p.cloneDeep
FNDA:0,p.cloneDeepWith
FNDA:0,p.cloneWith
FNDA:0,p.conformsTo
FNDA:0,p.defaultTo
FNDA:0,p.endsWith
FNDA:0,p.escape
FNDA:0,p.escapeRegExp
FNDA:0,p.every
FNDA:0,p.findKey
FNDA:0,p.findLastKey
FNDA:0,p.forIn
FNDA:0,p.forInRight
FNDA:0,p.forOwn
FNDA:0,p.forOwnRight
FNDA:0,p.has
FNDA:0,p.includes
FNDA:0,p.indexOf
FNDA:0,p.inRange
FNDA:0,p.isBoolean
FNDA:0,p.isElement
FNDA:0,p.isEmpty
FNDA:0,p.isEqual
FNDA:0,p.isEqualWith
FNDA:0,p.isFinite
FNDA:0,p.isMatch
FNDA:0,p.isMatchWith
FNDA:0,p.isNaN
FNDA:0,p.isNative
FNDA:0,p.isNil
FNDA:0,p.isNull
FNDA:0,p.isSafeInteger
FNDA:1,p.isUndefined
FNDA:0,p.isWeakMap
FNDA:0,p.isWeakSet
FNDA:0,p.join
FNDA:0,p.lastIndexOf
FNDA:0,p.max
FNDA:0,p.maxBy
FNDA:0,p.mean
FNDA:0,p.meanBy
FNDA:0,p.min
FNDA:0,p.minBy
FNDA:0,p.stubObject
FNDA:0,p.stubString
FNDA:0,p.stubTrue
FNDA:0,p.nth
FNDA:0,p.noConflict
FNDA:0,p.pad
FNDA:0,p.padEnd
FNDA:0,p.padStart
FNDA:0,p.parseInt
FNDA:0,p.random
FNDA:0,p.reduce
FNDA:0,p.reduceRight
FNDA:0,p.repeat
FNDA:0,p.replace
FNDA:0,p.result
FNDA:0,p.sample
FNDA:0,p.size
FNDA:0,p.some
FNDA:0,p.sortedIndex
FNDA:0,p.sortedIndexBy
FNDA:0,p.sortedIndexOf
FNDA:0,p.sortedLastIndex
FNDA:0,p.sortedLastIndexBy
FNDA:0,p.sortedLastIndexOf
FNDA:0,p.startsWith
FNDA:0,p.sum
FNDA:0,p.sumBy
FNDA:0,p.template
FNDA:0,p.times
FNDA:0,p.toLower
FNDA:0,p.toSafeInteger
FNDA:0,p.toUpper
FNDA:0,p.trim
FNDA:0,p.trimEnd
FNDA:0,p.trimStart
FNDA:0,p.truncate
FNDA:0,p.unescape
FNDA:0,p.uniqueId
FNDA:0,fa.<computed>
FNDA:0,fa.<computed>
FNDA:0,fa.<computed>
FNDA:0,fa.<computed>
FNDA:0,fa.<computed>
FNDA:0,fa.compact
FNDA:0,fa.find
FNDA:0,fa.findLast
FNDA:0,fa.reject
FNDA:0,fa.slice
FNDA:0,fa.takeRightWhile
FNDA:0,fa.toArray
FNDA:0,p.<computed>
FNDA:0,p.<computed>
FNDA:0,fa.clone
FNDA:0,fa.reverse
FNDA:0,fa.value
FNDA:0,p.chain
FNDA:0,p.commit
FNDA:0,p.next
FNDA:0,p.plant
FNDA:0,p.reverse
FNDA:0,p.toJSON.p.valueOf.p.value
FNDA:1,e
FNDA:1,f
FNDA:0,k
FNDA:0,m
FNDA:0,n
FNDA:0,w
FNDA:0,h
FNDA:0,r
FNDA:0,y
FNDA:1,D
FNDA:1,E
FNDA:0,E.a.matchesSelector
FNDA:1,z
FNDA:0,H
FNDA:0,L
FNDA:0,U
FNDA:1,B
FNDA:0,J
FNDA:0,O
FNDA:0,ia
FNDA:0,Z
FNDA:0,Q
FNDA:0,M
FNDA:0,K
FNDA:0,C
FNDA:0,S
FNDA:0,V
FNDA:0,T
FNDA:1,na
FNDA:0,length
FNDA:0,add
FNDA:0,position
FNDA:0,lastVector
FNDA:0,lastDirection
FNDA:0,lastDistance
FNDA:0,totalVector
FNDA:0,totalDirection
FNDA:0,totalDistance
FNDA:0,totalCumulativeDistance
FNDA:0,duration
FNDA:0,firstEvent
FNDA:0,lastEvent
FNDA:0,eventAtIndex
FNDA:0,lastEventType
FNDA:0,lastVelocity
FNDA:0,lastSpeed
FNDA:0,clear
FNDA:0,initialTarget
FNDA:0,count
FNDA:0,pointerIds
FNDA:0,add
FNDA:0,set
FNDA:0,remove
FNDA:0,clear
FNDA:0,get
FNDA:0,has
FNDA:0,first
FNDA:0,last
FNDA:0,atIndex
FNDA:0,subset
FNDA:0,centroid
FNDA:0,averageDistanceFromPoint
FNDA:0,filter
FNDA:0,cluster
FNDA:0,_filter
FNDA:0,_sortKeys
FNDA:0,_keysToVals
FNDA:0,process
FNDA:0,cancelAsync
FNDA:0,reset
FNDA:0,getRule
FNDA:0,_processAsync
FNDA:0,_handleAsyncTimeout
FNDA:0,_processSync
FNDA:0,_applyMaybe
FNDA:0,_populate
FNDA:0,_returnObject
FNDA:0,recognize
FNDA:0,shouldBegin
FNDA:0,process
FNDA:0,reset
FNDA:0,fail
FNDA:0,trackedPointers
FNDA:0,hasTerminated
FNDA:0,requiresFail
FNDA:0,usesGlobalPointers
FNDA:0,shouldCapturePointers
FNDA:0,recognizerFailedAsynchronously
FNDA:0,recognizerStartedAsynchronously
FNDA:0,tryEmitPending
FNDA:0,emit
FNDA:0,process
FNDA:0,reset
FNDA:0,trackedPointers
FNDA:0,_processDownEvent
FNDA:0,_processUpEvent
FNDA:0,_handleTap
FNDA:0,_handleInterval
FNDA:0,_returnObject
FNDA:0,Z.emitTemplate
FNDA:0,before
FNDA:0,guard
FNDA:0,guard
FNDA:0,after
FNDA:0,guard
FNDA:0,after
FNDA:0,guard
FNDA:0,guard
FNDA:0,guard
FNDA:0,before
FNDA:0,guard
FNDA:0,before
FNDA:0,guard
FNDA:0,before
FNDA:0,guard
FNDA:0,process
FNDA:0,reset
FNDA:0,trackedPointers
FNDA:0,fail
FNDA:0,Q.emitTemplate
FNDA:0,before
FNDA:0,guard
FNDA:0,before
FNDA:0,guard
FNDA:0,before
FNDA:0,guard
FNDA:0,before
FNDA:0,before
FNDA:0,guard
FNDA:0,before
FNDA:0,guard
FNDA:0,process
FNDA:0,reset
FNDA:0,trackedPointers
FNDA:0,M.emitTemplate
FNDA:0,before
FNDA:0,guard
FNDA:0,before
FNDA:0,guard
FNDA:0,guard
FNDA:0,before
FNDA:0,before
FNDA:0,guard
FNDA:0,before
FNDA:0,guard
FNDA:0,process
FNDA:0,reset
FNDA:0,trackedPointers
FNDA:0,destroy
FNDA:0,count
FNDA:0,add
FNDA:0,remove
FNDA:0,removeAll
FNDA:0,get
FNDA:0,recognize
FNDA:0,tryReset
FNDA:0,on
FNDA:0,off
FNDA:0,tryEmitRecognizerEvent
FNDA:0,tryEmitPending
FNDA:0,emit
FNDA:0,cancel
FNDA:0,checkCapturePointers
FNDA:0,_populate
FNDA:0,_checkGesturesRequiredToFail
FNDA:0,_clearPendingEmits
FNDA:0,_handlePointerDown
FNDA:0,_handlePointerMove
FNDA:0,_handlePointerUp
FNDA:0,_handleCancelEvent
FNDA:0,_processRemovedPointers
FNDA:0,_processRemovedPointer
FNDA:0,C.cancelPointers
FNDA:0,applyIfExists
FNDA:1,createSimpleMutators
FNDA:0,get
FNDA:0,set
FNDA:0,e
FNDA:0,f
FNDA:0,k
FNDA:0,m
FNDA:0,n
FNDA:0,w
FNDA:1,h
FNDA:0,r
FNDA:1,y
FNDA:0,D
FNDA:0,E
FNDA:0,z
FNDA:0,H
FNDA:0,L
FNDA:0,U
FNDA:1,B
FNDA:0,B._boundHandlePointerMove
FNDA:0,B._boundHandlePointerUp
FNDA:0,B._boundHandlePointerDown
FNDA:0,J
FNDA:0,O
FNDA:0,ia
FNDA:0,Z
FNDA:0,Q
FNDA:0,move
FNDA:0,scale
FNDA:0,toss
FNDA:0,transform
FNDA:0,cancel
FNDA:0,_schedule
FNDA:0,_loop
FNDA:0,_runLoop
FNDA:0,dropIsAllowed
FNDA:0,tossIsAllowed
FNDA:0,tossBoundingBox
FNDA:0,reset
FNDA:0,setDropOptions
FNDA:0,setCancelOptions
FNDA:0,startTimeout
FNDA:0,stopTimeout
FNDA:0,_handleTimeoutExpired
FNDA:0,toss
FNDA:0,stopToss
FNDA:0,fall
FNDA:0,move
FNDA:0,append
FNDA:0,remove
FNDA:0,setShowAnimation
FNDA:0,setDropAnimation
FNDA:0,setCancelAnimation
FNDA:0,position
FNDA:0,show
FNDA:0,drop
FNDA:0,cancel
FNDA:0,transformToMatch
FNDA:0,_setAnimation
FNDA:0,_animate
FNDA:0,_updateTranslationOffset
FNDA:0,beginDrag
FNDA:0,terminateDrag
FNDA:0,registerDropzone
FNDA:0,deregisterDropzone
FNDA:0,hasDragForPointers
FNDA:0,hasDragForPointer
FNDA:0,getDragForPointer
FNDA:0,getDragFromPoint
FNDA:0,_handlePointerMove
FNDA:0,_handlePointerUp
FNDA:0,_handlePointerDown
FNDA:0,_floatDrag
FNDA:0,_trackDrag
FNDA:0,_stopTrackingDrag
FNDA:0,_performToss
FNDA:0,_performDrop
FNDA:0,makeTransformOrigin
FNDA:0,extractScale
FNDA:0,constructor
FNDA:0,delegateEvents
FNDA:0,undelegateEvents
FNDA:0,remove
FNDA:0,delegateSistineEvents
FNDA:0,undelegateSistineEvents
FNDA:0,b.Granite.HTTP.externalize
FNDA:0,updateTimezones
FNDA:0,isStrictlyNaN
FNDA:0,strictParseInt
FNDA:0,formatClassType
FNDA:0,unescapedIndexOf
FNDA:0,binsearchInsert
FNDA:0,dumpn
FNDA:0,clone
FNDA:0,foldline
FNDA:0,pad2
FNDA:0,trunc
FNDA:1,inherits
FNDA:1,d
FNDA:1,extend
FNDA:1,b
FNDA:0,fromICAL
FNDA:0,toICAL
FNDA:0,a
FNDA:0,fromICAL
FNDA:0,toICAL
FNDA:0,fromICAL
FNDA:0,toICAL
FNDA:0,fromICAL
FNDA:0,toICAL
FNDA:0,toICAL
FNDA:0,fromICAL
FNDA:0,decorate
FNDA:0,undecorate
FNDA:0,decorate
FNDA:0,undecorate
FNDA:0,decorate
FNDA:0,undecorate
FNDA:0,fromICAL
FNDA:0,toICAL
FNDA:0,fromICAL
FNDA:0,toICAL
FNDA:0,decorate
FNDA:0,undecorate
FNDA:0,decorate
FNDA:0,undecorate
FNDA:0,fromICAL
FNDA:0,toICAL
FNDA:0,decorate
FNDA:0,undecorate
FNDA:0,fromICAL
FNDA:0,toICAL
FNDA:0,decorate
FNDA:0,undecorate
FNDA:0,fromICAL
FNDA:0,toICAL
FNDA:0,detectType
FNDA:0,decorate
FNDA:0,undecorate
FNDA:0,fromICAL
FNDA:0,toICAL
FNDA:0,decorate
FNDA:0,undecorate
FNDA:0,fromICAL
FNDA:0,toICAL
FNDA:0,_splitZone
FNDA:0,decorate
FNDA:0,undecorate
FNDA:0,fromICAL
FNDA:0,toICAL
FNDA:0,decorate
FNDA:0,undecorate
FNDA:0,fromICAL
FNDA:0,toICAL
FNDA:0,toICAL
FNDA:0,fromICAL
FNDA:0,decorate
FNDA:0,undecorate
FNDA:0,detectType
FNDA:0,detectType
FNDA:0,getDesignSet
FNDA:0,b
FNDA:0,b.component
FNDA:0,b.property
FNDA:0,b.propertyValue
FNDA:0,b.multiValue
FNDA:0,b.value
FNDA:0,b._rfc6868Unescape
FNDA:0,b
FNDA:0,a
FNDA:0,a.property
FNDA:0,a.component
FNDA:0,a._handleContentLine
FNDA:0,a._parseValue
FNDA:0,a._parseParameters
FNDA:0,a._rfc6868Escape
FNDA:0,a._parseMultiValue
FNDA:0,a._eachLine
FNDA:0,b
FNDA:0,get name
FNDA:0,get _designSet
FNDA:0,_hydrateComponent
FNDA:0,_hydrateProperty
FNDA:0,getFirstSubcomponent
FNDA:0,getAllSubcomponents
FNDA:0,hasProperty
FNDA:0,getFirstProperty
FNDA:0,getFirstPropertyValue
FNDA:0,getAllProperties
FNDA:0,_removeObjectByIndex
FNDA:0,_removeObject
FNDA:0,_removeAllObjects
FNDA:0,addSubcomponent
FNDA:0,removeSubcomponent
FNDA:0,removeAllSubcomponents
FNDA:0,addProperty
FNDA:0,addPropertyWithValue
FNDA:0,updatePropertyWithValue
FNDA:0,removeProperty
FNDA:0,removeAllProperties
FNDA:0,toJSON
FNDA:0,toString
FNDA:0,b.fromString
FNDA:0,b
FNDA:0,get type
FNDA:0,get name
FNDA:0,get parent
FNDA:0,set parent
FNDA:0,get _designSet
FNDA:0,_updateType
FNDA:0,_hydrateValue
FNDA:0,_decorate
FNDA:0,_undecorate
FNDA:0,_setDecoratedValue
FNDA:0,getParameter
FNDA:0,getFirstParameter
FNDA:0,setParameter
FNDA:0,removeParameter
FNDA:0,getDefaultType
FNDA:0,resetType
FNDA:0,getFirstValue
FNDA:0,getValues
FNDA:0,removeAllValues
FNDA:0,setValues
FNDA:0,setValue
FNDA:0,toJSON
FNDA:0,toICALString
FNDA:0,b.fromString
FNDA:0,b
FNDA:0,clone
FNDA:0,fromData
FNDA:0,fromSeconds
FNDA:0,toSeconds
FNDA:0,compare
FNDA:0,_normalize
FNDA:0,toICALString
FNDA:0,toString
FNDA:0,b.fromString
FNDA:0,b.fromSeconds
FNDA:0,b
FNDA:0,decodeValue
FNDA:0,setEncodedValue
FNDA:0,_b64_encode
FNDA:0,_b64_decode
FNDA:0,toString
FNDA:0,b.fromString
FNDA:0,ICAL.Period
FNDA:0,clone
FNDA:0,getDuration
FNDA:0,getEnd
FNDA:0,toString
FNDA:0,toJSON
FNDA:0,toICALString
FNDA:0,ICAL.Period.fromString
FNDA:0,ICAL.Period.fromData
FNDA:0,ICAL.Period.fromJSON
FNDA:0,ICAL.Duration
FNDA:0,clone
FNDA:0,toSeconds
FNDA:0,fromSeconds
FNDA:0,fromData
FNDA:0,reset
FNDA:0,compare
FNDA:0,normalize
FNDA:0,toString
FNDA:0,toICALString
FNDA:0,ICAL.Duration.fromSeconds
FNDA:0,ICAL.Duration.isValueString
FNDA:0,ICAL.Duration.fromString
FNDA:0,ICAL.Duration.fromData
FNDA:1,ICAL.Timezone
FNDA:1,fromData
FNDA:0,utcOffset
FNDA:0,_findNearbyChange
FNDA:0,_ensureCoverage
FNDA:0,_expandComponent
FNDA:0,toString
FNDA:0,ICAL.Timezone._compare_change_fn
FNDA:0,ICAL.Timezone.convert_time
FNDA:1,ICAL.Timezone.fromData
FNDA:0,ICAL.Timezone.adjust_change
FNDA:1,reset
FNDA:0,has
FNDA:1,get
FNDA:0,register
FNDA:0,remove
FNDA:1,ICAL.Time
FNDA:0,get icaltype
FNDA:0,clone
FNDA:0,reset
FNDA:0,resetTo
FNDA:0,fromJSDate
FNDA:1,fromData
FNDA:0,dayOfWeek
FNDA:0,dayOfYear
FNDA:0,startOfWeek
FNDA:0,endOfWeek
FNDA:0,startOfMonth
FNDA:0,endOfMonth
FNDA:0,startOfYear
FNDA:0,endOfYear
FNDA:0,startDoyWeek
FNDA:0,getDominicalLetter
FNDA:0,nthWeekDay
FNDA:0,isNthWeekDay
FNDA:0,weekNumber
FNDA:0,addDuration
FNDA:0,subtractDate
FNDA:0,subtractDateTz
FNDA:0,compare
FNDA:0,compareDateOnlyTz
FNDA:0,convertToZone
FNDA:0,utcOffset
FNDA:0,toICALString
FNDA:0,toString
FNDA:0,toJSDate
FNDA:0,_normalize
FNDA:0,adjust
FNDA:0,fromUnixTime
FNDA:0,toUnixTime
FNDA:0,toJSON
FNDA:1,b
FNDA:0,get
FNDA:1,set
FNDA:0,ICAL.Time.daysInMonth
FNDA:0,ICAL.Time.isLeapYear
FNDA:0,ICAL.Time.fromDayOfYear
FNDA:0,ICAL.Time.fromStringv2
FNDA:0,ICAL.Time.fromDateString
FNDA:0,ICAL.Time.fromDateTimeString
FNDA:0,ICAL.Time.fromString
FNDA:0,ICAL.Time.fromJSDate
FNDA:1,ICAL.Time.fromData
FNDA:0,ICAL.Time.now
FNDA:0,ICAL.Time.weekOneStarts
FNDA:0,ICAL.Time.getDominicalLetter
FNDA:0,ICAL.Time._cmp_attr
FNDA:0,ICAL.VCardTime
FNDA:0,clone
FNDA:0,_normalize
FNDA:0,utcOffset
FNDA:0,toICALString
FNDA:0,toString
FNDA:0,ICAL.VCardTime.fromDateAndOrTimeString
FNDA:0,b
FNDA:0,ICAL.Recur
FNDA:0,iterator
FNDA:0,clone
FNDA:0,isFinite
FNDA:0,isByCount
FNDA:0,addComponent
FNDA:0,setComponent
FNDA:0,getComponent
FNDA:0,getNextOccurrence
FNDA:0,fromData
FNDA:0,toJSON
FNDA:0,toString
FNDA:0,ICAL.Recur.icalDayToNumericDay
FNDA:0,ICAL.Recur.numericDayToIcalDay
FNDA:0,FREQ
FNDA:0,COUNT
FNDA:0,INTERVAL
FNDA:0,UNTIL
FNDA:0,WKST
FNDA:0,BYDAY
FNDA:0,ICAL.Recur.fromString
FNDA:0,ICAL.Recur.fromData
FNDA:0,ICAL.Recur._stringToData
FNDA:0,b
FNDA:0,fromData
FNDA:0,init
FNDA:0,next
FNDA:0,next_second
FNDA:0,increment_second
FNDA:0,next_minute
FNDA:0,increment_minute
FNDA:0,next_hour
FNDA:0,increment_hour
FNDA:0,next_day
FNDA:0,next_week
FNDA:0,normalizeByMonthDayRules
FNDA:0,_byDayAndMonthDay
FNDA:0,next_month
FNDA:0,next_weekday_by_week
FNDA:0,next_year
FNDA:0,_nextByYearDay
FNDA:0,ruleDayOfWeek
FNDA:0,next_generic
FNDA:0,increment_monthday
FNDA:0,increment_month
FNDA:0,increment_year
FNDA:0,increment_generic
FNDA:0,has_by_data
FNDA:0,expand_year_days
FNDA:0,expand_by_day
FNDA:0,is_day_in_byday
FNDA:0,check_set_position
FNDA:0,sort_byday_rules
FNDA:0,check_contract_restriction
FNDA:0,check_contracting_rules
FNDA:0,setup_defaults
FNDA:0,toJSON
FNDA:0,b
FNDA:0,a
FNDA:0,c
FNDA:0,fromData
FNDA:0,next
FNDA:0,toJSON
FNDA:0,_extractDates
FNDA:0,_init
FNDA:0,_nextExDay
FNDA:0,_nextRuleDay
FNDA:0,_nextRecurrenceIter
FNDA:0,b
FNDA:0,a
FNDA:0,relateException
FNDA:0,modifiesFuture
FNDA:0,findRangeException
FNDA:0,getOccurrenceDetails
FNDA:0,iterator
FNDA:0,isRecurring
FNDA:0,isRecurrenceException
FNDA:0,getRecurrenceTypes
FNDA:0,get uid
FNDA:0,set uid
FNDA:0,get startDate
FNDA:0,set startDate
FNDA:0,get endDate
FNDA:0,set endDate
FNDA:0,get duration
FNDA:0,set duration
FNDA:0,get location
FNDA:0,set location
FNDA:0,get attendees
FNDA:0,get summary
FNDA:0,set summary
FNDA:0,get description
FNDA:0,set description
FNDA:0,get organizer
FNDA:0,set organizer
FNDA:0,get sequence
FNDA:0,set sequence
FNDA:0,get recurrenceId
FNDA:0,set recurrenceId
FNDA:0,_setTime
FNDA:0,_setProp
FNDA:0,_firstProp
FNDA:0,toString
FNDA:0,b
FNDA:0,oncomplete
FNDA:0,onerror
FNDA:0,ontimezone
FNDA:0,onevent
FNDA:0,process
FNDA:0,Array.indexOf.Array.indexOf
FNDA:0,String.trim.String.trim
FNDA:0,b.array.sort
FNDA:0,b.array.next
FNDA:0,b.array.nextInvalid
FNDA:0,b.array.prev
FNDA:0,b.array.prevInvalid
FNDA:0,val
FNDA:0,isValid
FNDA:0,extent
FNDA:0,start
FNDA:0,end
FNDA:0,next
FNDA:0,prev
FNDA:0,val
FNDA:0,isValid
FNDA:0,extent
FNDA:0,start
FNDA:0,end
FNDA:0,next
FNDA:0,prev
FNDA:0,val
FNDA:0,isValid
FNDA:0,extent
FNDA:0,start
FNDA:0,end
FNDA:0,next
FNDA:0,prev
FNDA:0,val
FNDA:0,isValid
FNDA:0,extent
FNDA:0,start
FNDA:0,end
FNDA:0,next
FNDA:0,prev
FNDA:0,val
FNDA:0,isValid
FNDA:0,extent
FNDA:0,start
FNDA:0,end
FNDA:0,next
FNDA:0,prev
FNDA:0,val
FNDA:0,isValid
FNDA:0,extent
FNDA:0,start
FNDA:0,end
FNDA:0,next
FNDA:0,prev
FNDA:0,val
FNDA:0,isValid
FNDA:0,extent
FNDA:0,start
FNDA:0,end
FNDA:0,next
FNDA:0,prev
FNDA:0,val
FNDA:0,isValid
FNDA:0,extent
FNDA:0,start
FNDA:0,end
FNDA:0,next
FNDA:0,prev
FNDA:0,val
FNDA:0,isValid
FNDA:0,extent
FNDA:0,start
FNDA:0,end
FNDA:0,next
FNDA:0,prev
FNDA:0,val
FNDA:0,isValid
FNDA:0,extent
FNDA:0,start
FNDA:0,end
FNDA:0,next
FNDA:0,prev
FNDA:0,val
FNDA:0,isValid
FNDA:0,extent
FNDA:0,start
FNDA:0,end
FNDA:0,next
FNDA:0,prev
FNDA:0,val
FNDA:0,isValid
FNDA:0,extent
FNDA:0,start
FNDA:0,end
FNDA:0,next
FNDA:0,prev
FNDA:0,val
FNDA:0,isValid
FNDA:0,extent
FNDA:0,start
FNDA:0,end
FNDA:0,next
FNDA:0,prev
FNDA:0,b.modifier.after.b.modifier.a
FNDA:0,b.modifier.before.b.modifier.b
FNDA:0,b.compile
FNDA:0,b.schedule
FNDA:0,b.setTimeout
FNDA:0,b.setInterval
FNDA:1,b.date.timezone
FNDA:0,b.date.build
FNDA:0,b.date.build
FNDA:1,b.date.UTC
FNDA:1,b.date.localTime
FNDA:0,b.date.next
FNDA:0,b.date.nextRollover
FNDA:0,b.date.prev
FNDA:0,b.date.prevRollover
FNDA:0,b.parse.cron
FNDA:0,b.parse.recur
FNDA:0,b.parse.text
FNDA:0,c
FNDA:0,d
FNDA:0,e
FNDA:0,f
FNDA:0,k
FNDA:0,m
FNDA:0,n
FNDA:0,w
FNDA:0,h
FNDA:0,r
FNDA:0,y
FNDA:0,D
FNDA:0,E
FNDA:0,z
FNDA:0,requirejs
FNDA:0,W.config
FNDA:0,W.nextTick
FNDA:0,W.nextTick
FNDA:0,newContext
FNDA:0,W.createNode
FNDA:0,W.load
FNDA:0,define
FNDA:0,W.exec
FNDA:1,b
FNDA:1,a
FNDA:1,test
FNDA:0,define
FNDA:0,c
DA:1,1
DA:2,1
DA:3,1
DA:4,1
DA:5,1
DA:6,1
DA:7,1
DA:8,1
DA:9,1
DA:10,1
DA:11,1
DA:12,1
DA:13,1
DA:14,1
DA:15,1
DA:16,1
DA:17,1
DA:18,1
DA:19,1
DA:20,1
DA:21,1
DA:22,1
DA:23,1
DA:24,1
DA:25,1
DA:26,1
DA:27,1
DA:28,1
DA:29,1
DA:30,1
DA:31,1
DA:32,1
DA:33,1
DA:34,1
DA:35,1
DA:36,1
DA:37,1
DA:38,1
DA:39,1
DA:40,1
DA:41,1
DA:42,1
DA:43,1
DA:44,0
DA:45,0
DA:46,1
DA:47,1
DA:48,1
DA:49,1
DA:50,1
DA:51,1
DA:52,1
DA:53,1
DA:54,1
DA:55,0
DA:56,0
DA:57,1
DA:58,1
DA:59,1
DA:60,1
DA:61,1
DA:62,1
DA:63,1
DA:64,1
DA:65,1
DA:66,1
DA:67,1
DA:68,0
DA:69,1
DA:70,1
DA:71,1
DA:72,1
DA:73,1
DA:74,1
DA:75,1
DA:76,1
DA:77,1
DA:78,1
DA:79,1
DA:80,1
DA:81,1
DA:82,1
DA:83,1
DA:84,1
DA:85,1
DA:86,1
DA:87,1
DA:88,1
DA:89,1
DA:90,1
DA:91,1
DA:92,1
DA:93,1
DA:94,1
DA:95,0
DA:96,1
DA:97,1
DA:98,1
DA:99,1
DA:100,1
DA:101,1
DA:102,1
DA:103,0
DA:104,1
DA:105,1
DA:106,1
DA:107,1
DA:108,1
DA:109,1
DA:110,1
DA:111,1
DA:112,1
DA:113,1
DA:114,1
DA:115,1
DA:116,1
DA:117,1
DA:118,1
DA:119,1
DA:120,1
DA:121,1
DA:122,1
DA:123,1
DA:124,1
DA:125,1
DA:126,1
DA:127,1
DA:128,1
DA:129,1
DA:130,1
DA:131,1
DA:132,1
DA:133,0
DA:134,1
DA:135,0
DA:136,1
DA:137,1
DA:138,1
DA:139,1
DA:140,1
DA:141,1
DA:142,1
DA:143,1
DA:144,1
DA:145,1
DA:146,1
DA:147,1
DA:148,1
DA:149,0
DA:150,1
DA:151,1
DA:152,1
DA:153,1
DA:154,0
DA:155,1
DA:156,1
DA:157,1
DA:158,1
DA:159,1
DA:160,1
DA:161,0
DA:162,1
DA:163,1
DA:164,1
DA:165,1
DA:166,1
DA:167,1
DA:168,1
DA:169,1
DA:170,1
DA:171,1
DA:172,1
DA:173,1
DA:174,1
DA:175,1
DA:176,1
DA:177,0
DA:178,1
DA:179,1
DA:180,1
DA:181,1
DA:182,1
DA:183,1
DA:184,1
DA:185,1
DA:186,1
DA:187,1
DA:188,1
DA:189,1
DA:190,1
DA:191,1
DA:192,1
DA:193,1
DA:194,1
DA:195,1
DA:196,1
DA:197,1
DA:198,1
DA:199,1
DA:200,1
DA:201,1
DA:202,1
DA:203,0
DA:204,0
DA:205,0
DA:206,0
DA:207,0
DA:208,0
DA:209,0
DA:210,0
DA:211,1
DA:212,1
DA:213,1
DA:214,1
DA:215,1
DA:216,1
DA:217,0
DA:218,1
DA:219,1
DA:220,1
DA:221,1
DA:222,1
DA:223,1
DA:224,1
DA:225,1
DA:226,1
DA:227,1
DA:228,1
DA:229,1
DA:230,1
DA:231,1
DA:232,1
DA:233,1
DA:234,1
DA:235,1
DA:236,1
DA:237,1
DA:238,1
DA:239,1
DA:240,1
DA:241,1
DA:242,1
DA:243,1
DA:244,1
DA:245,1
DA:246,1
DA:247,1
DA:248,1
DA:249,1
DA:250,1
DA:251,1
DA:252,1
DA:253,1
DA:254,1
DA:255,1
DA:256,1
DA:257,1
DA:258,0
DA:259,1
DA:260,1
DA:261,1
DA:262,1
DA:263,1
DA:264,0
DA:265,0
DA:266,1
DA:267,1
DA:268,1
DA:269,1
DA:270,1
DA:271,1
DA:272,1
DA:273,1
DA:274,1
DA:275,1
DA:276,1
DA:277,1
DA:278,1
DA:279,1
DA:280,1
DA:281,1
DA:282,1
DA:283,1
DA:284,1
DA:285,1
DA:286,1
DA:287,1
DA:288,1
DA:289,1
DA:290,1
DA:291,1
DA:292,0
DA:293,1
DA:294,1
DA:295,1
DA:296,0
DA:297,1
DA:298,1
DA:299,1
DA:300,1
DA:301,1
DA:302,1
DA:303,1
DA:304,0
DA:305,1
DA:306,1
DA:307,1
DA:308,1
DA:309,1
DA:310,1
DA:311,1
DA:312,1
DA:313,1
DA:314,1
DA:315,1
DA:316,1
DA:317,1
DA:318,1
DA:319,1
DA:320,1
DA:321,1
DA:322,1
DA:323,1
DA:324,1
DA:325,1
DA:326,1
DA:327,1
DA:328,1
DA:329,1
DA:330,1
DA:331,1
DA:332,1
DA:333,1
DA:334,1
DA:335,1
DA:336,1
DA:337,1
DA:338,1
DA:339,1
DA:340,1
DA:341,1
DA:342,1
DA:343,1
DA:344,1
DA:345,1
DA:346,1
DA:347,1
DA:348,1
DA:349,1
DA:350,1
DA:351,1
DA:352,1
DA:353,1
DA:354,1
DA:355,1
DA:356,1
DA:357,1
DA:358,1
DA:359,1
DA:360,0
DA:361,0
DA:362,1
DA:363,1
DA:364,1
DA:365,1
DA:366,1
DA:367,1
DA:368,1
DA:369,1
DA:370,1
DA:371,1
DA:372,1
DA:373,1
DA:374,1
DA:375,1
DA:376,0
DA:377,0
DA:378,0
DA:379,0
DA:380,0
DA:381,0
DA:382,0
DA:383,0
DA:384,0
DA:385,0
DA:386,0
DA:387,0
DA:388,0
DA:389,0
DA:390,0
DA:391,0
DA:392,0
DA:393,0
DA:394,0
DA:395,0
DA:396,0
DA:397,0
DA:398,0
DA:399,0
DA:400,0
DA:401,0
DA:402,0
DA:403,0
DA:404,0
DA:405,0
DA:406,0
DA:407,0
DA:408,0
DA:409,0
DA:410,0
DA:411,0
DA:412,0
DA:413,0
DA:414,0
DA:415,0
DA:416,0
DA:417,0
DA:418,0
DA:419,0
DA:420,0
DA:421,0
DA:422,1
DA:423,1
DA:424,1
DA:425,1
DA:426,1
DA:427,1
DA:428,1
DA:429,1
DA:430,1
DA:431,1
DA:432,1
DA:433,1
DA:434,1
DA:435,1
DA:436,1
DA:437,1
DA:438,1
DA:439,1
DA:440,1
DA:441,1
DA:442,1
DA:443,1
DA:444,1
DA:445,1
DA:446,1
DA:447,1
DA:448,1
DA:449,1
DA:450,1
DA:451,1
DA:452,1
DA:453,1
DA:454,1
DA:455,1
DA:456,1
DA:457,1
DA:458,1
DA:459,1
DA:460,1
DA:461,1
DA:462,1
DA:463,1
DA:464,1
DA:465,1
DA:466,1
DA:467,1
DA:468,1
DA:469,1
DA:470,1
DA:471,1
DA:472,1
DA:473,1
DA:474,1
DA:475,1
DA:476,1
DA:477,1
DA:478,1
DA:479,1
DA:480,1
DA:481,1
DA:482,1
DA:483,1
DA:484,1
DA:485,1
DA:486,1
DA:487,1
DA:488,1
DA:489,1
DA:490,1
DA:491,1
DA:492,1
DA:493,1
DA:494,1
DA:495,1
DA:496,1
DA:497,1
DA:498,1
DA:499,1
DA:500,1
DA:501,0
DA:502,1
DA:503,1
DA:504,1
DA:505,1
DA:506,1
DA:507,1
DA:508,1
DA:509,1
DA:510,1
DA:511,1
DA:512,1
DA:513,1
DA:514,1
DA:515,1
DA:516,1
DA:517,1
DA:518,1
DA:519,1
DA:520,0
DA:521,0
DA:522,0
DA:523,0
DA:524,1
DA:525,1
DA:526,1
DA:527,1
DA:528,1
DA:529,1
DA:530,1
DA:531,1
DA:532,1
DA:533,1
DA:534,1
DA:535,1
DA:536,1
DA:537,1
DA:538,1
DA:539,1
DA:540,1
DA:541,1
DA:542,1
DA:543,1
DA:544,1
DA:545,1
DA:546,1
DA:547,1
DA:548,1
DA:549,1
DA:550,1
DA:551,1
DA:552,1
DA:553,1
DA:554,1
DA:555,1
DA:556,1
DA:557,1
DA:558,0
DA:559,0
DA:560,1
DA:561,0
DA:562,1
DA:563,1
DA:564,1
DA:565,1
DA:566,1
DA:567,1
DA:568,1
DA:569,1
DA:570,1
DA:571,1
DA:572,1
DA:573,1
DA:574,1
DA:575,1
DA:576,1
DA:577,1
DA:578,1
DA:579,1
DA:580,1
DA:581,1
DA:582,1
DA:583,1
DA:584,1
DA:585,1
DA:586,1
DA:587,1
DA:588,1
DA:589,1
DA:590,1
DA:591,1
DA:592,1
DA:593,1
DA:594,1
DA:595,0
DA:596,1
DA:597,1
DA:598,0
DA:599,0
DA:600,1
DA:601,1
DA:602,1
DA:603,1
DA:604,1
DA:605,1
DA:606,1
DA:607,1
DA:608,1
DA:609,1
DA:610,1
DA:611,1
DA:612,1
DA:613,1
DA:614,1
DA:615,1
DA:616,1
DA:617,1
DA:618,1
DA:619,1
DA:620,1
DA:621,1
DA:622,1
DA:623,1
DA:624,1
DA:625,1
DA:626,1
DA:627,1
DA:628,0
DA:629,1
DA:630,1
DA:631,1
DA:632,1
DA:633,1
DA:634,1
DA:635,1
DA:636,1
DA:637,1
DA:638,1
DA:639,1
DA:640,1
DA:641,0
DA:642,0
DA:643,0
DA:644,0
DA:645,1
DA:646,0
DA:647,1
DA:648,1
DA:649,1
DA:650,0
DA:651,1
DA:652,0
DA:653,1
DA:654,1
DA:655,1
DA:656,1
DA:657,1
DA:658,1
DA:659,0
DA:660,0
DA:661,0
DA:662,0
DA:663,0
DA:664,1
DA:665,1
DA:666,1
DA:667,1
DA:668,1
DA:669,1
DA:670,1
DA:671,1
DA:672,0
DA:673,1
DA:674,1
DA:675,1
DA:676,1
DA:677,1
DA:678,1
DA:679,1
DA:680,1
DA:681,0
DA:682,1
DA:683,1
DA:684,1
DA:685,1
DA:686,1
DA:687,1
DA:688,1
DA:689,1
DA:690,1
DA:691,1
DA:692,1
DA:693,1
DA:694,1
DA:695,1
DA:696,1
DA:697,1
DA:698,1
DA:699,1
DA:700,1
DA:701,1
DA:702,1
DA:703,1
DA:704,1
DA:705,1
DA:706,1
DA:707,1
DA:708,1
DA:709,1
DA:710,1
DA:711,0
DA:712,1
DA:713,0
DA:714,0
DA:715,0
DA:716,0
DA:717,0
DA:718,1
DA:719,1
DA:720,1
DA:721,1
DA:722,0
DA:723,0
DA:724,0
DA:725,1
DA:726,0
DA:727,0
DA:728,0
DA:729,1
DA:730,0
DA:731,0
DA:732,0
DA:733,0
DA:734,0
DA:735,0
DA:736,1
DA:737,1
DA:738,1
DA:739,1
DA:740,1
DA:741,1
DA:742,0
DA:743,0
DA:744,0
DA:745,0
DA:746,0
DA:747,0
DA:748,0
DA:749,0
DA:750,0
DA:751,0
DA:752,0
DA:753,0
DA:754,0
DA:755,0
DA:756,0
DA:757,0
DA:758,0
DA:759,0
DA:760,0
DA:761,0
DA:762,0
DA:763,0
DA:764,0
DA:765,0
DA:766,0
DA:767,0
DA:768,0
DA:769,1
DA:770,1
DA:771,1
DA:772,1
DA:773,0
DA:774,0
DA:775,0
DA:776,0
DA:777,1
DA:778,1
DA:779,0
DA:780,0
DA:781,0
DA:782,0
DA:783,0
DA:784,1
DA:785,1
DA:786,1
DA:787,0
DA:788,0
DA:789,1
DA:790,1
DA:791,0
DA:792,0
DA:793,0
DA:794,0
DA:795,0
DA:796,0
DA:797,0
DA:798,0
DA:799,0
DA:800,0
DA:801,0
DA:802,0
DA:803,1
DA:804,1
DA:805,0
DA:806,0
DA:807,0
DA:808,0
DA:809,0
DA:810,0
DA:811,0
DA:812,0
DA:813,0
DA:814,0
DA:815,0
DA:816,0
DA:817,0
DA:818,0
DA:819,1
DA:820,1
DA:821,0
DA:822,0
DA:823,0
DA:824,0
DA:825,0
DA:826,1
DA:827,1
DA:828,1
DA:829,1
DA:830,0
DA:831,0
DA:832,0
DA:833,0
DA:834,0
DA:835,1
DA:836,1
DA:837,1
DA:838,1
DA:839,0
DA:840,0
DA:841,1
DA:842,1
DA:843,1
DA:844,1
DA:845,1
DA:846,1
DA:847,1
DA:848,1
DA:849,1
DA:850,0
DA:851,0
DA:852,0
DA:853,0
DA:854,0
DA:855,0
DA:856,0
DA:857,1
DA:858,1
DA:859,0
DA:860,0
DA:861,0
DA:862,0
DA:863,0
DA:864,0
DA:865,0
DA:866,1
DA:867,1
DA:868,0
DA:869,0
DA:870,1
DA:871,1
DA:872,1
DA:873,1
DA:874,1
DA:875,0
DA:876,1
DA:877,1
DA:878,0
DA:879,0
DA:880,0
DA:881,0
DA:882,1
DA:883,1
DA:884,1
DA:885,1
DA:886,1
DA:887,1
DA:888,1
LF:888
LH:671
BRDA:1,0,0,1
BRDA:32,1,0,0
BRDA:33,2,0,0
BRDA:37,3,0,0
BRDA:231,4,0,0
BRDA:524,5,0,0
BRDA:524,6,0,0
BRDA:769,7,0,0
BRDA:837,8,0,0
BRDA:837,9,0,0
BRDA:841,10,0,0
BRDA:841,11,0,0
BRDA:841,12,0,0
BRDA:866,13,0,0
BRDA:866,14,0,0
BRDA:866,15,0,0
BRDA:873,16,0,0
BRDA:873,17,0,0
BRDA:873,18,0,0
BRDA:33,19,0,1
BRDA:33,20,0,1
BRDA:33,21,0,1
BRDA:33,22,0,1
BRDA:33,23,0,1
BRDA:34,24,0,1
BRDA:34,25,0,1
BRDA:34,26,0,1
BRDA:34,27,0,1
BRDA:34,28,0,1
BRDA:36,29,0,1
BRDA:36,30,0,1
BRDA:36,31,0,1
BRDA:36,32,0,1
BRDA:36,33,0,1
BRDA:36,34,0,1
BRDA:37,35,0,1
BRDA:37,36,0,1
BRDA:37,37,0,1
BRDA:63,38,0,0
BRDA:131,39,0,0
BRDA:131,40,0,0
BRDA:144,41,0,0
BRDA:147,42,0,0
BRDA:148,43,0,0
BRDA:165,44,0,0
BRDA:167,45,0,0
BRDA:169,46,0,0
BRDA:191,47,0,0
BRDA:192,48,0,0
BRDA:193,49,0,0
BRDA:194,50,0,0
BRDA:195,51,0,0
BRDA:196,52,0,0
BRDA:201,53,0,0
BRDA:215,54,0,0
BRDA:216,55,0,0
BRDA:37,56,0,1
BRDA:37,57,0,1
BRDA:38,58,0,1
BRDA:38,59,0,1
BRDA:38,60,0,1
BRDA:39,61,0,1
BRDA:40,62,0,0
BRDA:40,63,0,0
BRDA:40,64,0,0
BRDA:40,65,0,0
BRDA:42,66,0,1
BRDA:42,67,0,0
BRDA:46,68,0,1
BRDA:50,69,0,1
BRDA:53,70,0,1
BRDA:53,71,0,0
BRDA:54,72,0,0
BRDA:57,73,0,1
BRDA:57,74,0,1
BRDA:57,75,0,1
BRDA:57,76,0,1
BRDA:58,77,0,1
BRDA:58,78,0,1
BRDA:58,79,0,1
BRDA:59,80,0,1
BRDA:59,81,0,1
BRDA:60,82,0,1
BRDA:61,83,0,1
BRDA:61,84,0,1
BRDA:62,85,0,0
BRDA:62,86,0,0
BRDA:62,87,0,0
BRDA:62,88,0,0
BRDA:62,89,0,0
BRDA:63,90,0,1
BRDA:63,91,0,1
BRDA:63,92,0,1
BRDA:64,93,0,0
BRDA:64,94,0,0
BRDA:64,95,0,0
BRDA:64,96,0,1
BRDA:64,97,0,1
BRDA:65,98,0,1
BRDA:65,99,0,1
BRDA:65,100,0,1
BRDA:65,101,0,1
BRDA:65,102,0,1
BRDA:67,103,0,1
BRDA:67,104,0,1
BRDA:67,105,0,1
BRDA:80,106,0,0
BRDA:104,107,0,0
BRDA:105,108,0,0
BRDA:105,109,0,0
BRDA:69,110,0,1
BRDA:70,111,0,1
BRDA:70,112,0,1
BRDA:71,113,0,1
BRDA:71,114,0,1
BRDA:71,115,0,1
BRDA:71,116,0,1
BRDA:76,117,0,1
BRDA:81,118,0,1
BRDA:81,119,0,1
BRDA:81,120,0,1
BRDA:81,121,0,0
BRDA:81,122,0,0
BRDA:81,123,0,0
BRDA:82,124,0,0
BRDA:83,125,0,0
BRDA:86,126,0,0
BRDA:87,127,0,0
BRDA:87,128,0,0
BRDA:87,129,0,0
BRDA:87,130,0,0
BRDA:88,131,0,0
BRDA:81,132,0,1
BRDA:81,133,0,1
BRDA:82,134,0,1
BRDA:84,135,0,1
BRDA:84,136,0,0
BRDA:84,137,0,0
BRDA:85,138,0,0
BRDA:85,139,0,0
BRDA:85,140,0,0
BRDA:85,141,0,1
BRDA:85,142,0,1
BRDA:85,143,0,1
BRDA:86,144,0,1
BRDA:104,145,0,1
BRDA:104,146,0,1
BRDA:105,147,0,1
BRDA:105,148,0,1
BRDA:108,149,0,1
BRDA:108,150,0,0
BRDA:108,151,0,0
BRDA:109,152,0,0
BRDA:109,153,0,0
BRDA:113,154,0,1
BRDA:113,155,0,1
BRDA:113,156,0,0
BRDA:113,157,0,1
BRDA:114,158,0,0
BRDA:114,159,0,0
BRDA:114,160,0,0
BRDA:114,161,0,1
BRDA:114,162,0,1
BRDA:114,163,0,1
BRDA:114,164,0,1
BRDA:114,165,0,1
BRDA:114,166,0,1
BRDA:114,167,0,1
BRDA:115,168,0,1
BRDA:115,169,0,1
BRDA:115,170,0,1
BRDA:115,171,0,1
BRDA:115,172,0,1
BRDA:115,173,0,1
BRDA:117,174,0,0
BRDA:117,175,0,1
BRDA:117,176,0,1
BRDA:117,177,0,1
BRDA:118,178,0,1
BRDA:118,179,0,1
BRDA:119,180,0,0
BRDA:119,181,0,1
BRDA:119,182,0,0
BRDA:119,183,0,1
BRDA:120,184,0,1
BRDA:121,185,0,0
BRDA:121,186,0,1
BRDA:121,187,0,1
BRDA:121,188,0,1
BRDA:121,189,0,1
BRDA:121,190,0,1
BRDA:121,191,0,1
BRDA:122,192,0,1
BRDA:122,193,0,1
BRDA:122,194,0,1
BRDA:122,195,0,1
BRDA:126,196,0,1
BRDA:128,197,0,1
BRDA:131,198,0,1
BRDA:134,199,0,1
BRDA:134,200,0,0
BRDA:134,201,0,0
BRDA:134,202,0,1
BRDA:136,203,0,1
BRDA:136,204,0,0
BRDA:136,205,0,0
BRDA:136,206,0,0
BRDA:136,207,0,0
BRDA:136,208,0,0
BRDA:136,209,0,0
BRDA:136,210,0,0
BRDA:136,211,0,0
BRDA:136,212,0,0
BRDA:137,213,0,0
BRDA:137,214,0,0
BRDA:137,215,0,0
BRDA:137,216,0,0
BRDA:137,217,0,0
BRDA:137,218,0,0
BRDA:137,219,0,0
BRDA:137,220,0,0
BRDA:138,221,0,0
BRDA:138,222,0,0
BRDA:138,223,0,0
BRDA:145,224,0,1
BRDA:145,225,0,1
BRDA:145,226,0,1
BRDA:145,227,0,1
BRDA:147,228,0,1
BRDA:150,229,0,1
BRDA:151,230,0,1
BRDA:151,231,0,0
BRDA:151,232,0,0
BRDA:151,233,0,1
BRDA:152,234,0,0
BRDA:152,235,0,0
BRDA:152,236,0,1
BRDA:152,237,0,1
BRDA:160,238,0,1
BRDA:160,239,0,1
BRDA:163,240,0,0
BRDA:169,241,0,1
BRDA:171,242,0,1
BRDA:182,243,0,1
BRDA:182,244,0,1
BRDA:184,245,0,1
BRDA:188,246,0,1
BRDA:188,247,0,1
BRDA:191,248,0,1
BRDA:191,249,0,1
BRDA:191,250,0,1
BRDA:195,251,0,1
BRDA:199,252,0,1
BRDA:202,253,0,1
BRDA:202,254,0,1
BRDA:211,255,0,1
BRDA:223,256,0,1
BRDA:226,257,0,1
BRDA:227,258,0,1
BRDA:227,259,0,1
BRDA:227,260,0,1
BRDA:230,261,0,1
BRDA:230,262,0,1
BRDA:230,263,0,1
BRDA:230,264,0,1
BRDA:232,265,0,1
BRDA:232,266,0,1
BRDA:233,267,0,1
BRDA:234,268,0,1
BRDA:247,269,0,0
BRDA:247,270,0,0
BRDA:247,271,0,0
BRDA:247,272,0,0
BRDA:248,273,0,0
BRDA:248,274,0,0
BRDA:248,275,0,0
BRDA:248,276,0,0
BRDA:248,277,0,0
BRDA:248,278,0,0
BRDA:248,279,0,0
BRDA:248,280,0,0
BRDA:374,281,0,0
BRDA:234,282,0,1
BRDA:234,283,0,1
BRDA:234,284,0,1
BRDA:234,285,0,1
BRDA:234,286,0,1
BRDA:235,287,0,1
BRDA:235,288,0,1
BRDA:235,289,0,1
BRDA:235,290,0,1
BRDA:237,291,0,1
BRDA:237,292,0,1
BRDA:239,293,0,1
BRDA:239,294,0,1
BRDA:239,295,0,1
BRDA:239,296,0,1
BRDA:248,297,0,1
BRDA:248,298,0,1
BRDA:248,299,0,1
BRDA:248,300,0,1
BRDA:248,301,0,1
BRDA:253,302,0,1
BRDA:312,303,0,0
BRDA:314,304,0,0
BRDA:314,305,0,0
BRDA:314,306,0,0
BRDA:314,307,0,0
BRDA:314,308,0,0
BRDA:314,309,0,0
BRDA:314,310,0,0
BRDA:314,311,0,0
BRDA:314,312,0,0
BRDA:315,313,0,0
BRDA:315,314,0,0
BRDA:315,315,0,0
BRDA:320,316,0,0
BRDA:320,317,0,0
BRDA:320,318,0,0
BRDA:321,319,0,0
BRDA:321,320,0,0
BRDA:321,321,0,0
BRDA:321,322,0,0
BRDA:322,323,0,0
BRDA:328,324,0,0
BRDA:328,325,0,0
BRDA:328,326,0,0
BRDA:328,327,0,0
BRDA:328,328,0,0
BRDA:328,329,0,0
BRDA:328,330,0,0
BRDA:254,331,0,1
BRDA:254,332,0,1
BRDA:254,333,0,1
BRDA:255,334,0,1
BRDA:255,335,0,1
BRDA:255,336,0,1
BRDA:256,337,0,1
BRDA:256,338,0,1
BRDA:257,339,0,1
BRDA:257,340,0,1
BRDA:261,341,0,1
BRDA:261,342,0,1
BRDA:261,343,0,1
BRDA:261,344,0,1
BRDA:261,345,0,0
BRDA:262,346,0,0
BRDA:262,347,0,0
BRDA:263,348,0,1
BRDA:267,349,0,1
BRDA:267,350,0,1
BRDA:267,351,0,1
BRDA:267,352,0,1
BRDA:267,353,0,1
BRDA:267,354,0,1
BRDA:272,355,0,1
BRDA:279,356,0,1
BRDA:279,357,0,1
BRDA:279,358,0,1
BRDA:279,359,0,1
BRDA:279,360,0,1
BRDA:279,361,0,1
BRDA:279,362,0,1
BRDA:279,363,0,0
BRDA:280,364,0,0
BRDA:280,365,0,0
BRDA:280,366,0,0
BRDA:280,367,0,1
BRDA:280,368,0,1
BRDA:280,369,0,1
BRDA:280,370,0,1
BRDA:280,371,0,1
BRDA:280,372,0,1
BRDA:280,373,0,1
BRDA:280,374,0,1
BRDA:280,375,0,1
BRDA:280,376,0,1
BRDA:280,377,0,1
BRDA:280,378,0,1
BRDA:281,379,0,1
BRDA:281,380,0,1
BRDA:281,381,0,1
BRDA:282,382,0,1
BRDA:283,383,0,1
BRDA:284,384,0,1
BRDA:285,385,0,0
BRDA:285,386,0,1
BRDA:285,387,0,1
BRDA:286,388,0,1
BRDA:287,389,0,1
BRDA:287,390,0,1
BRDA:288,391,0,1
BRDA:288,392,0,1
BRDA:288,393,0,1
BRDA:288,394,0,0
BRDA:288,395,0,0
BRDA:289,396,0,0
BRDA:289,397,0,0
BRDA:289,398,0,0
BRDA:289,399,0,0
BRDA:289,400,0,0
BRDA:289,401,0,0
BRDA:289,402,0,0
BRDA:290,403,0,0
BRDA:290,404,0,0
BRDA:290,405,0,0
BRDA:290,406,0,0
BRDA:290,407,0,0
BRDA:293,408,0,1
BRDA:293,409,0,1
BRDA:293,410,0,0
BRDA:293,411,0,0
BRDA:294,412,0,0
BRDA:294,413,0,1
BRDA:294,414,0,1
BRDA:294,415,0,1
BRDA:298,416,0,1
BRDA:298,417,0,1
BRDA:298,418,0,1
BRDA:298,419,0,0
BRDA:298,420,0,1
BRDA:299,421,0,1
BRDA:299,422,0,1
BRDA:299,423,0,1
BRDA:299,424,0,1
BRDA:299,425,0,1
BRDA:299,426,0,1
BRDA:299,427,0,1
BRDA:300,428,0,1
BRDA:300,429,0,1
BRDA:300,430,0,1
BRDA:300,431,0,1
BRDA:302,432,0,1
BRDA:302,433,0,1
BRDA:305,434,0,1
BRDA:305,435,0,1
BRDA:306,436,0,1
BRDA:306,437,0,1
BRDA:306,438,0,1
BRDA:307,439,0,1
BRDA:307,440,0,1
BRDA:307,441,0,1
BRDA:307,442,0,1
BRDA:307,443,0,1
BRDA:310,444,0,1
BRDA:310,445,0,1
BRDA:310,446,0,1
BRDA:310,447,0,1
BRDA:310,448,0,1
BRDA:310,449,0,1
BRDA:311,450,0,1
BRDA:311,451,0,1
BRDA:311,452,0,1
BRDA:311,453,0,1
BRDA:312,454,0,0
BRDA:312,455,0,1
BRDA:313,456,0,1
BRDA:313,457,0,1
BRDA:313,458,0,1
BRDA:314,459,0,1
BRDA:314,460,0,1
BRDA:315,461,0,1
BRDA:315,462,0,1
BRDA:315,463,0,1
BRDA:315,464,0,1
BRDA:316,465,0,1
BRDA:316,466,0,1
BRDA:318,467,0,1
BRDA:318,468,0,1
BRDA:320,469,0,1
BRDA:320,470,0,1
BRDA:321,471,0,1
BRDA:322,472,0,1
BRDA:327,473,0,1
BRDA:327,474,0,1
BRDA:328,475,0,1
BRDA:329,476,0,1
BRDA:329,477,0,1
BRDA:329,478,0,1
BRDA:329,479,0,1
BRDA:329,480,0,1
BRDA:353,481,0,1
BRDA:365,482,0,1
BRDA:365,483,0,1
BRDA:365,484,0,1
BRDA:365,485,0,1
BRDA:366,486,0,1
BRDA:366,487,0,1
BRDA:367,488,0,1
BRDA:368,489,0,1
BRDA:370,490,0,1
BRDA:370,491,0,1
BRDA:375,492,0,1
BRDA:375,493,0,1
BRDA:375,494,0,1
BRDA:423,495,0,1
BRDA:476,496,0,0
BRDA:477,497,0,0
BRDA:423,498,0,1
BRDA:423,499,0,1
BRDA:424,500,0,1
BRDA:424,501,0,1
BRDA:424,502,0,1
BRDA:425,503,0,1
BRDA:426,504,0,1
BRDA:426,505,0,1
BRDA:426,506,0,1
BRDA:429,507,0,1
BRDA:429,508,0,1
BRDA:477,509,0,1
BRDA:479,510,0,1
BRDA:510,511,0,0
BRDA:513,512,0,0
BRDA:481,513,0,1
BRDA:482,514,0,1
BRDA:482,515,0,1
BRDA:484,516,0,1
BRDA:514,517,0,1
BRDA:517,518,0,1
BRDA:517,519,0,0
BRDA:517,520,0,0
BRDA:517,521,0,1
BRDA:519,522,0,1
BRDA:519,523,0,1
BRDA:530,524,0,1
BRDA:530,525,0,1
BRDA:530,526,0,1
BRDA:531,527,0,1
BRDA:531,528,0,1
BRDA:552,529,0,1
BRDA:556,530,0,1
BRDA:564,531,0,1
BRDA:572,532,0,1
BRDA:578,533,0,1
BRDA:581,534,0,1
BRDA:584,535,0,1
BRDA:588,536,0,1
BRDA:593,537,0,1
BRDA:593,538,0,1
BRDA:593,539,0,1
BRDA:593,540,0,0
BRDA:593,541,0,1
BRDA:594,542,0,0
BRDA:601,543,0,1
BRDA:603,544,0,1
BRDA:603,545,0,1
BRDA:603,546,0,1
BRDA:604,547,0,1
BRDA:604,548,0,1
BRDA:606,549,0,1
BRDA:606,550,0,0
BRDA:606,551,0,0
BRDA:606,552,0,0
BRDA:606,553,0,0
BRDA:617,554,0,1
BRDA:617,555,0,1
BRDA:618,556,0,1
BRDA:618,557,0,1
BRDA:622,558,0,1
BRDA:625,559,0,1
BRDA:630,560,0,1
BRDA:639,561,0,1
BRDA:671,562,0,1
BRDA:678,563,0,1
BRDA:687,564,0,1
BRDA:689,565,0,1
BRDA:689,566,0,0
BRDA:689,567,0,0
BRDA:719,568,0,1
BRDA:720,569,0,1
BRDA:720,570,0,1
BRDA:738,571,0,1
BRDA:740,572,0,0
BRDA:740,573,0,0
BRDA:740,574,0,0
BRDA:741,575,0,0
BRDA:770,576,0,1
BRDA:770,577,0,1
BRDA:770,578,0,1
BRDA:770,579,0,1
BRDA:770,580,0,1
BRDA:778,581,0,1
BRDA:838,582,0,0
BRDA:842,583,0,0
BRDA:843,584,0,0
BRDA:845,585,0,0
BRDA:847,586,0,0
BRDA:848,587,0,0
BRDA:849,588,0,0
BRDA:858,589,0,0
BRDA:867,590,0,0
BRDA:872,591,0,0
BRDA:874,592,0,0
BRDA:877,593,0,0
BRDA:883,594,0,0
BRDA:888,595,0,0
BRF:596
BRH:386
end_of_record
TN:
SF:index.js
FN:21,postMessage
FN:65,loadScript
FN:78,decorateSequence
FN:88,instrumentProofOfPlay
FN:89,IntersectionObserver.threshold
FN:115,decorateSequenceItem
FN:166,patchBlockConfig
FN:181,preEager
FN:200,postEager
FN:223,preLazy
FN:249,postLazy
FNF:11
FNH:10
FNDA:1,postMessage
FNDA:1,loadScript
FNDA:1,decorateSequence
FNDA:1,instrumentProofOfPlay
FNDA:0,IntersectionObserver.threshold
FNDA:1,decorateSequenceItem
FNDA:1,patchBlockConfig
FNDA:1,preEager
FNDA:1,postEager
FNDA:1,preLazy
FNDA:1,postLazy
DA:1,1
DA:2,1
DA:3,1
DA:4,1
DA:5,1
DA:6,1
DA:7,1
DA:8,1
DA:9,1
DA:10,1
DA:11,1
DA:12,1
DA:13,1
DA:14,1
DA:15,1
DA:16,1
DA:17,1
DA:18,1
DA:19,1
DA:20,1
DA:21,1
DA:22,1
DA:23,1
DA:24,1
DA:25,1
DA:26,1
DA:27,1
DA:28,1
DA:29,1
DA:30,1
DA:31,1
DA:32,1
DA:33,1
DA:34,0
DA:35,0
DA:36,0
DA:37,0
DA:38,0
DA:39,0
DA:40,0
DA:41,0
DA:42,1
DA:43,0
DA:44,1
DA:45,0
DA:46,0
DA:47,0
DA:48,0
DA:49,0
DA:50,0
DA:51,0
DA:52,0
DA:53,0
DA:54,1
DA:55,0
DA:56,1
DA:57,1
DA:58,1
DA:59,1
DA:60,0
DA:61,0
DA:62,1
DA:63,1
DA:64,1
DA:65,1
DA:66,1
DA:67,1
DA:68,1
DA:69,1
DA:70,0
DA:71,0
DA:72,1
DA:73,1
DA:74,1
DA:75,1
DA:76,1
DA:77,1
DA:78,1
DA:79,1
DA:80,1
DA:81,1
DA:82,1
DA:83,1
DA:84,1
DA:85,1
DA:86,1
DA:87,1
DA:88,1
DA:89,1
DA:90,0
DA:91,0
DA:92,0
DA:93,0
DA:94,0
DA:95,0
DA:96,0
DA:97,0
DA:98,0
DA:99,0
DA:100,0
DA:101,0
DA:102,1
DA:103,1
DA:104,1
DA:105,1
DA:106,1
DA:107,1
DA:108,1
DA:109,1
DA:110,1
DA:111,1
DA:112,1
DA:113,1
DA:114,1
DA:115,1
DA:116,1
DA:117,1
DA:118,1
DA:119,1
DA:120,1
DA:121,1
DA:122,1
DA:123,1
DA:124,1
DA:125,1
DA:126,1
DA:127,1
DA:128,1
DA:129,1
DA:130,1
DA:131,1
DA:132,1
DA:133,1
DA:134,1
DA:135,1
DA:136,1
DA:137,1
DA:138,1
DA:139,1
DA:140,1
DA:141,1
DA:142,1
DA:143,1
DA:144,1
DA:145,1
DA:146,1
DA:147,1
DA:148,1
DA:149,1
DA:150,1
DA:151,1
DA:152,1
DA:153,1
DA:154,1
DA:155,1
DA:156,1
DA:157,1
DA:158,1
DA:159,1
DA:160,1
DA:161,1
DA:162,1
DA:163,1
DA:164,1
DA:165,1
DA:166,1
DA:167,1
DA:168,1
DA:169,1
DA:170,1
DA:171,1
DA:172,1
DA:173,1
DA:174,1
DA:175,1
DA:176,1
DA:177,1
DA:178,1
DA:179,1
DA:180,1
DA:181,1
DA:182,1
DA:183,1
DA:184,1
DA:185,1
DA:186,1
DA:187,1
DA:188,1
DA:189,1
DA:190,1
DA:191,1
DA:192,1
DA:193,1
DA:194,1
DA:195,1
DA:196,1
DA:197,1
DA:198,1
DA:199,1
DA:200,1
DA:201,1
DA:202,1
DA:203,1
DA:204,1
DA:205,1
DA:206,1
DA:207,1
DA:208,1
DA:209,1
DA:210,1
DA:211,1
DA:212,1
DA:213,1
DA:214,1
DA:215,1
DA:216,1
DA:217,1
DA:218,1
DA:219,1
DA:220,1
DA:221,1
DA:222,1
DA:223,1
DA:224,1
DA:225,1
DA:226,1
DA:227,1
DA:228,1
DA:229,1
DA:230,1
DA:231,1
DA:232,1
DA:233,1
DA:234,1
DA:235,1
DA:236,1
DA:237,1
DA:238,1
DA:239,1
DA:240,1
DA:241,1
DA:242,1
DA:243,1
DA:244,1
DA:245,1
DA:246,1
DA:247,1
DA:248,1
DA:249,1
DA:250,1
DA:251,1
LF:251
LH:216
BRDA:1,0,0,1
BRDA:21,1,0,1
BRDA:30,2,0,1
BRDA:34,3,0,0
BRDA:42,4,0,0
BRDA:44,5,0,0
BRDA:54,6,0,0
BRDA:56,7,0,0
BRDA:59,8,0,0
BRDA:65,9,0,1
BRDA:69,10,0,0
BRDA:78,11,0,1
BRDA:79,12,0,1
BRDA:88,13,0,1
BRDA:104,14,0,1
BRDA:115,15,0,1
BRDA:122,16,0,1
BRDA:132,17,0,1
BRDA:146,18,0,1
BRDA:166,19,0,1
BRDA:181,20,0,1
BRDA:200,21,0,1
BRDA:206,22,0,1
BRDA:223,23,0,1
BRDA:235,24,0,1
BRDA:236,25,0,1
BRDA:242,26,0,1
BRDA:243,27,0,1
BRDA:249,28,0,1
BRF:29
BRH:22
end_of_record
TN:
SF:sequencechannel-embed.min.js
FN:38,$jscomp.arrayIteratorImpl
FN:38,$jscomp.arrayIterator
FN:39,$jscomp.defineProperty
FN:39,$jscomp.getGlobal
FN:39,$jscomp.initSymbol
FN:39,$jscomp.initSymbol
FN:40,$jscomp.initSymbolIterator
FN:40,value
FN:40,$jscomp.initSymbolIterator
FN:41,$jscomp.initSymbolAsyncIterator
FN:41,$jscomp.iteratorPrototype
FN:42,$jscomp.makeIterator
FN:42,$jscomp.arrayFromIterator
FN:42,$jscomp.arrayFromIterable
FN:43,module.exports.module.exports
FN:43,c
FN:43,d
FN:44,e
FN:44,k
FN:44,l
FN:45,f
FN:45,m
FN:45,r
FN:45,g
FN:46,n
FN:47,x
FN:48,y
FN:49,D
FN:49,w
FN:49,B
FN:50,F
FN:52,P
FN:52,A
FN:52,G
FN:52,M
FN:53,fa
FN:53,O
FN:53,S
FN:53,H
FN:54,K
FN:55,C
FN:56,Q
FN:56,U
FN:56,T
FN:56,get
FN:56,ha
FN:57,ia
FN:58,Y
FN:58,ka
FN:58,R
FN:59,aa
FN:59,N
FN:59,V
FN:60,sa
FN:60,ob
FN:60,u
FN:63,wa
FN:63,ja
FN:63,la
FN:64,xa
FN:64,oc
FN:64,Xa
FN:65,Ob
FN:65,ma
FN:65,pc
FN:66,h
FN:66,$b
FN:66,toArray
FN:66,get
FN:66,pushStack
FN:66,each
FN:66,map
FN:67,slice
FN:67,first
FN:67,last
FN:67,eq
FN:67,end
FN:67,h.extend.h.fn.extend
FN:68,error
FN:68,noop
FN:68,isFunction
FN:69,h.extend.isArray
FN:69,isWindow
FN:69,isNumeric
FN:69,isEmptyObject
FN:69,isPlainObject
FN:70,type
FN:70,globalEval
FN:70,camelCase
FN:70,nodeName
FN:70,each
FN:71,trim
FN:71,makeArray
FN:71,inArray
FN:71,merge
FN:71,grep
FN:72,map
FN:72,proxy
FN:72,now
FN:73,b
FN:75,c
FN:75,a
FN:75,d
FN:75,p
FN:76,e
FN:76,f
FN:76,g
FN:76,h
FN:77,k
FN:77,m
FN:77,l
FN:77,r
FN:77,n
FN:78,w
FN:78,ja
FN:79,R
FN:80,A
FN:81,q
FN:82,V
FN:82,pb
FN:86,Y
FN:86,qb
FN:86,Xa.apply
FN:86,Xa.apply
FN:87,b.isXML
FN:87,b.setDocument
FN:88,ma.getById.H.find.ID
FN:88,ma.getById.H.filter.ID
FN:88,ma.getById.H.filter.ID
FN:89,H.find.TAG
FN:89,H.find.TAG
FN:89,H.find.CLASS
FN:93,Ua
FN:93,Ua
FN:93,V
FN:94,V
FN:95,b.matches
FN:95,b.matchesSelector
FN:95,b.contains
FN:96,b.attr
FN:96,b.error
FN:96,b.uniqueSort
FN:97,b.getText
FN:98,ATTR
FN:98,CHILD
FN:98,PSEUDO
FN:99,TAG
FN:99,CLASS
FN:99,ATTR
FN:100,CHILD
FN:102,PSEUDO
FN:104,target
FN:104,root
FN:104,focus
FN:105,enabled
FN:105,disabled
FN:105,checked
FN:105,selected
FN:105,empty
FN:105,parent
FN:105,header
FN:106,input
FN:106,button
FN:106,text
FN:107,b.tokenize
FN:108,b.compile
FN:108,b.select
FN:112,zb
FN:112,Eb
FN:113,h.filter
FN:113,find
FN:113,filter
FN:114,not
FN:114,is
FN:114,h.fn.init
FN:116,has
FN:116,closest
FN:117,index
FN:117,add
FN:117,addBack
FN:117,parent
FN:118,parents
FN:118,parentsUntil
FN:118,next
FN:118,prev
FN:118,nextAll
FN:118,prevAll
FN:118,nextUntil
FN:118,prevUntil
FN:118,siblings
FN:118,children
FN:119,contents
FN:119,h.fn.<computed>
FN:119,h.Callbacks
FN:119,m
FN:120,add
FN:120,lc
FN:120,remove
FN:120,has
FN:121,empty
FN:121,disable
FN:121,disabled
FN:121,lock
FN:121,locked
FN:121,fireWith
FN:121,fire
FN:121,fired
FN:121,Deferred
FN:122,state
FN:122,always
FN:122,then
FN:123,promise
FN:123,e.<computed>
FN:123,when
FN:124,h.fn.ready
FN:124,holdReady
FN:124,ready
FN:125,h.ready.promise
FN:126,Ta
FN:127,Pa
FN:128,hasData
FN:128,data
FN:128,removeData
FN:128,_data
FN:128,_removeData
FN:128,data
FN:129,removeData
FN:129,queue
FN:130,dequeue
FN:130,_queueHooks
FN:130,queue
FN:131,dequeue
FN:131,clearQueue
FN:131,promise
FN:132,E.shrinkWrapBlocks
FN:133,Zb
FN:133,eb
FN:138,add
FN:140,remove
FN:142,trigger
FN:144,dispatch
FN:146,handlers
FN:146,fix
FN:148,filter
FN:148,filter
FN:149,trigger
FN:149,trigger
FN:149,trigger
FN:150,_default
FN:150,postDispatch
FN:150,simulate
FN:150,h.removeEvent
FN:150,h.removeEvent
FN:151,h.Event
FN:152,preventDefault
FN:152,stopPropagation
FN:152,stopImmediatePropagation
FN:153,handle
FN:153,setup
FN:154,postDispatch
FN:154,teardown
FN:154,setup
FN:156,handle
FN:156,teardown
FN:156,c
FN:156,setup
FN:157,teardown
FN:157,on
FN:157,one
FN:157,off
FN:158,trigger
FN:158,triggerHandler
FN:159,htmlPrefilter
FN:159,clone
FN:161,cleanData
FN:162,detach
FN:162,remove
FN:162,text
FN:162,append
FN:163,prepend
FN:163,before
FN:163,after
FN:163,empty
FN:164,clone
FN:164,html
FN:165,replaceWith
FN:166,h.fn.<computed>
FN:166,Sc
FN:166,a
FN:170,reliableHiddenOffsets
FN:170,boxSizingReliable
FN:170,pixelMarginRight
FN:170,pixelPosition
FN:170,reliableMarginRight
FN:170,reliableMarginLeft
FN:170,Ga
FN:171,nb
FN:171,Ga
FN:171,nb
FN:172,get
FN:173,style
FN:174,css
FN:175,get
FN:175,set
FN:175,get
FN:176,set
FN:177,expand
FN:177,css
FN:178,show
FN:178,hide
FN:178,toggle
FN:178,init
FN:179,cur
FN:179,run
FN:180,get
FN:180,set
FN:180,set
FN:181,linear
FN:181,swing
FN:181,h.Animation.h.extend.tweeners.*
FN:181,tweener
FN:182,h.Animation.h.extend.prefilters
FN:184,prefilter
FN:184,h.speed
FN:185,fadeTo
FN:186,animate
FN:186,stop
FN:187,finish
FN:188,h.fn.<computed>
FN:188,h.fn.<computed>
FN:188,h.fx.tick
FN:189,h.fx.timer
FN:189,h.fx.start
FN:189,h.fx.stop
FN:189,h.fn.delay
FN:191,val
FN:193,get
FN:193,get
FN:193,set
FN:194,set
FN:194,E.checkOn.h.valHooks.<computed>.get
FN:195,attr
FN:195,removeAttr
FN:195,attr
FN:196,set
FN:196,removeAttr
FN:197,set
FN:197,Ub.test.Qa.<computed>
FN:197,Ub.test.Qa.<computed>
FN:197,set
FN:198,set
FN:198,Qa.id.Qa.name.Qa.coords
FN:198,get
FN:199,set
FN:199,get
FN:199,set
FN:199,prop
FN:199,removeProp
FN:200,prop
FN:200,get
FN:201,get
FN:201,set
FN:202,addClass
FN:202,removeClass
FN:203,toggleClass
FN:204,hasClass
FN:205,h.fn.<computed>
FN:205,hover
FN:205,h.parseJSON
FN:206,h.parseXML
FN:208,ajaxSetup
FN:208,ajax
FN:217,getJSON
FN:217,getScript
FN:217,h.<computed>
FN:217,h._evalUrl
FN:217,wrapAll
FN:218,wrapInner
FN:218,wrap
FN:219,unwrap
FN:219,h.expr.filters.hidden
FN:219,h.expr.filters.visible
FN:219,h.param
FN:220,serialize
FN:220,serializeArray
FN:221,h.ajaxSettings.xhr
FN:224,text script
FN:226,jsonpCallback
FN:227,h.parseHTML
FN:228,h.fn.load
FN:229,h.fn.<computed>
FN:229,h.expr.filters.animated
FN:229,setOffset
FN:230,offset
FN:231,position
FN:232,offsetParent
FN:232,h.fn.<computed>
FN:233,h.fn.<computed>
FN:234,bind
FN:234,unbind
FN:234,delegate
FN:234,undelegate
FN:235,h.fn.size
FN:235,h.noConflict
FN:236,jQuery.uaMatch
FN:239,a
FN:239,b.htmlPrefilter
FN:242,patchText
FN:242,getTopWindow
FN:242,setIFrameMode
FN:243,applyDefaults
FN:243,getKeyCode
FN:244,getSchemeAndAuthority
FN:245,getContextPath
FN:245,detectContextPath
FN:245,externalize
FN:246,internalize
FN:246,getPath
FN:247,removeAnchor
FN:247,removeParameters
FN:247,encodePathOfURI
FN:247,encodePath
FN:247,handleLoginRedirect
FN:248,getXhrHook
FN:248,eval
FN:250,r
FN:251,f.init
FN:251,f.setLocale
FN:251,f.getLocale
FN:251,f.setUrlPrefix
FN:251,f.setUrlSuffix
FN:251,f.getDictionary
FN:252,f.get
FN:252,f.getVar
FN:252,f.getLanguages
FN:253,f.parseLocale
FN:254,init
FN:254,update
FN:257,a.init
FN:257,a.getCookieNames
FN:257,a.getWhitelistCookieNames
FN:257,a.isOptedOut
FN:258,a.maySetCookie
FN:259,isEnabled
FN:260,beforeSend
FN:260,403
FN:268,b
FN:268,a
FN:268,c
FN:268,d
FN:268,e
FN:269,k
FN:269,l
FN:269,f
FN:269,m
FN:269,r
FN:269,g
FN:270,n
FN:270,x
FN:270,y
FN:270,D
FN:270,w
FN:271,B
FN:271,F
FN:271,P
FN:271,A
FN:271,G
FN:271,M
FN:271,fa
FN:271,O
FN:272,S
FN:272,H
FN:272,K
FN:272,C
FN:272,Q
FN:272,U
FN:272,T
FN:272,ha
FN:273,ia
FN:273,Y
FN:273,ka
FN:273,R
FN:273,aa
FN:273,N
FN:274,V
FN:274,sa
FN:274,ob
FN:287,nb
FN:287,q
FN:288,G
FN:288,Ka
FN:288,da
FN:288,Pa
FN:288,La
FN:289,ta
FN:289,Ga
FN:289,Ha
FN:289,fb
FN:290,Mb
FN:290,Yb
FN:290,bc
FN:290,Gb
FN:290,Qa
FN:290,Ub
FN:290,Hb
FN:291,dc
FN:291,cc
FN:291,Ra
FN:291,Tc
FN:291,Ib
FN:291,Ma
FN:293,mc
FN:293,wc
FN:293,xc
FN:293,ec
FN:294,qe
FN:294,fc
FN:294,wd
FN:294,Ca
FN:295,ib
FN:295,yc
FN:295,gc
FN:295,bb
FN:295,Uc
FN:295,Da
FN:296,Ab
FN:296,re
FN:296,ce
FN:296,zc
FN:297,se
FN:297,hc
FN:297,xd
[...]
FNDA:0,_handleCancelEvent
FNDA:0,_processRemovedPointers
FNDA:0,_processRemovedPointer
FNDA:0,C.cancelPointers
FNDA:0,applyIfExists
FNDA:1,createSimpleMutators
FNDA:0,get
FNDA:0,set
FNDA:0,e
FNDA:0,k
FNDA:0,l
FNDA:0,f
FNDA:0,m
FNDA:0,r
FNDA:1,g
FNDA:0,n
FNDA:1,x
FNDA:0,y
FNDA:0,D
FNDA:0,w
FNDA:0,B
FNDA:0,F
FNDA:0,P
FNDA:1,A
FNDA:0,A._boundHandlePointerMove
FNDA:0,A._boundHandlePointerUp
FNDA:0,A._boundHandlePointerDown
FNDA:0,G
FNDA:0,M
FNDA:0,fa
FNDA:0,O
FNDA:0,S
FNDA:0,move
FNDA:0,scale
FNDA:0,toss
FNDA:0,transform
FNDA:0,cancel
FNDA:0,_schedule
FNDA:0,_loop
FNDA:0,_runLoop
FNDA:0,dropIsAllowed
FNDA:0,tossIsAllowed
FNDA:0,tossBoundingBox
FNDA:0,reset
FNDA:0,setDropOptions
FNDA:0,setCancelOptions
FNDA:0,startTimeout
FNDA:0,stopTimeout
FNDA:0,_handleTimeoutExpired
FNDA:0,toss
FNDA:0,stopToss
FNDA:0,fall
FNDA:0,move
FNDA:0,append
FNDA:0,remove
FNDA:0,setShowAnimation
FNDA:0,setDropAnimation
FNDA:0,setCancelAnimation
FNDA:0,position
FNDA:0,show
FNDA:0,drop
FNDA:0,cancel
FNDA:0,transformToMatch
FNDA:0,_setAnimation
FNDA:0,_animate
FNDA:0,_updateTranslationOffset
FNDA:0,beginDrag
FNDA:0,terminateDrag
FNDA:0,registerDropzone
FNDA:0,deregisterDropzone
FNDA:0,hasDragForPointers
FNDA:0,hasDragForPointer
FNDA:0,getDragForPointer
FNDA:0,getDragFromPoint
FNDA:0,_handlePointerMove
FNDA:0,_handlePointerUp
FNDA:0,_handlePointerDown
FNDA:0,_floatDrag
FNDA:0,_trackDrag
FNDA:0,_stopTrackingDrag
FNDA:0,_performToss
FNDA:0,_performDrop
FNDA:0,makeTransformOrigin
FNDA:0,extractScale
FNDA:0,constructor
FNDA:0,delegateEvents
FNDA:0,undelegateEvents
FNDA:0,remove
FNDA:0,delegateSistineEvents
FNDA:0,undelegateSistineEvents
FNDA:0,b.Granite.HTTP.externalize
FNDA:0,c
FNDA:0,d
FNDA:0,e
FNDA:0,k
FNDA:0,l
FNDA:0,f
FNDA:0,m
FNDA:0,r
FNDA:0,g
FNDA:0,n
FNDA:0,x
FNDA:0,y
FNDA:0,D
FNDA:0,w
FNDA:0,requirejs
FNDA:0,V.config
FNDA:0,V.nextTick
FNDA:0,V.nextTick
FNDA:0,newContext
FNDA:0,V.createNode
FNDA:0,V.load
FNDA:0,define
FNDA:0,V.exec
FNDA:1,b
FNDA:1,a
FNDA:1,test
FNDA:0,define
FNDA:0,c
FNDA:0,updateTimezones
FNDA:0,isStrictlyNaN
FNDA:0,strictParseInt
FNDA:0,formatClassType
FNDA:0,unescapedIndexOf
FNDA:0,binsearchInsert
FNDA:0,dumpn
FNDA:0,clone
FNDA:0,foldline
FNDA:0,pad2
FNDA:0,trunc
FNDA:0,inherits
FNDA:0,extend
DA:1,1
DA:2,1
DA:3,1
DA:4,1
DA:5,1
DA:6,1
DA:7,1
DA:8,1
DA:9,1
DA:10,1
DA:11,1
DA:12,1
DA:13,1
DA:14,1
DA:15,1
DA:16,1
DA:17,1
DA:18,1
DA:19,1
DA:20,1
DA:21,1
DA:22,1
DA:23,1
DA:24,1
DA:25,1
DA:26,1
DA:27,1
DA:28,1
DA:29,1
DA:30,1
DA:31,1
DA:32,1
DA:33,1
DA:34,1
DA:35,1
DA:36,1
DA:37,1
DA:38,1
DA:39,1
DA:40,1
DA:41,1
DA:42,1
DA:43,1
DA:44,1
DA:45,1
DA:46,1
DA:47,1
DA:48,1
DA:49,1
DA:50,0
DA:51,0
DA:52,1
DA:53,1
DA:54,1
DA:55,1
DA:56,1
DA:57,1
DA:58,1
DA:59,1
DA:60,1
DA:61,0
DA:62,0
DA:63,1
DA:64,1
DA:65,1
DA:66,1
DA:67,1
DA:68,1
DA:69,1
DA:70,1
DA:71,1
DA:72,1
DA:73,1
DA:74,0
DA:75,1
DA:76,1
DA:77,1
DA:78,1
DA:79,1
DA:80,1
DA:81,1
DA:82,1
DA:83,1
DA:84,1
DA:85,1
DA:86,1
DA:87,1
DA:88,1
DA:89,1
DA:90,1
DA:91,1
DA:92,1
DA:93,1
DA:94,1
DA:95,1
DA:96,1
DA:97,1
DA:98,1
DA:99,1
DA:100,1
DA:101,0
DA:102,1
DA:103,1
DA:104,1
DA:105,1
DA:106,1
DA:107,1
DA:108,1
DA:109,0
DA:110,1
DA:111,1
DA:112,1
DA:113,1
DA:114,1
DA:115,1
DA:116,1
DA:117,1
DA:118,1
DA:119,1
DA:120,1
DA:121,1
DA:122,1
DA:123,1
DA:124,1
DA:125,1
DA:126,1
DA:127,1
DA:128,1
DA:129,1
DA:130,1
DA:131,1
DA:132,1
DA:133,1
DA:134,1
DA:135,1
DA:136,1
DA:137,1
DA:138,1
DA:139,0
DA:140,1
DA:141,0
DA:142,1
DA:143,0
DA:144,1
DA:145,1
DA:146,1
DA:147,1
DA:148,1
DA:149,1
DA:150,1
DA:151,1
DA:152,1
DA:153,1
DA:154,1
DA:155,0
DA:156,1
DA:157,1
DA:158,1
DA:159,1
DA:160,0
DA:161,1
DA:162,1
DA:163,1
DA:164,1
DA:165,1
DA:166,1
DA:167,0
DA:168,1
DA:169,1
DA:170,1
DA:171,1
DA:172,1
DA:173,1
DA:174,1
DA:175,1
DA:176,1
DA:177,1
DA:178,1
DA:179,1
DA:180,1
DA:181,1
DA:182,1
DA:183,0
DA:184,1
DA:185,1
DA:186,1
DA:187,1
DA:188,1
DA:189,1
DA:190,1
DA:191,1
DA:192,1
DA:193,1
DA:194,1
DA:195,1
DA:196,1
DA:197,1
DA:198,1
DA:199,1
DA:200,1
DA:201,1
DA:202,1
DA:203,1
DA:204,1
DA:205,1
DA:206,1
DA:207,1
DA:208,1
DA:209,0
DA:210,0
DA:211,0
DA:212,0
DA:213,0
DA:214,0
DA:215,0
DA:216,0
DA:217,1
DA:218,1
DA:219,1
DA:220,1
DA:221,1
DA:222,1
DA:223,0
DA:224,1
DA:225,1
DA:226,1
DA:227,1
DA:228,1
DA:229,1
DA:230,1
DA:231,1
DA:232,1
DA:233,1
DA:234,1
DA:235,1
DA:236,1
DA:237,1
DA:238,1
DA:239,1
DA:240,1
DA:241,1
DA:242,1
DA:243,1
DA:244,1
DA:245,1
DA:246,1
DA:247,1
DA:248,1
DA:249,1
DA:250,1
DA:251,1
DA:252,1
DA:253,1
DA:254,1
DA:255,0
DA:256,1
DA:257,1
DA:258,1
DA:259,1
DA:260,1
DA:261,1
DA:262,1
DA:263,0
DA:264,0
DA:265,0
DA:266,0
DA:267,1
DA:268,1
DA:269,1
DA:270,1
DA:271,1
DA:272,1
DA:273,1
DA:274,1
DA:275,1
DA:276,1
DA:277,1
DA:278,1
DA:279,1
DA:280,1
DA:281,1
DA:282,1
DA:283,1
DA:284,1
DA:285,1
DA:286,1
DA:287,1
DA:288,1
DA:289,1
DA:290,1
DA:291,1
DA:292,0
DA:293,1
DA:294,1
DA:295,1
DA:296,1
DA:297,1
DA:298,0
DA:299,0
DA:300,1
DA:301,1
DA:302,1
DA:303,1
DA:304,1
DA:305,1
DA:306,1
DA:307,1
DA:308,1
DA:309,1
DA:310,1
DA:311,1
DA:312,1
DA:313,1
DA:314,1
DA:315,1
DA:316,1
DA:317,1
DA:318,1
DA:319,1
DA:320,1
DA:321,1
DA:322,1
DA:323,1
DA:324,1
DA:325,1
DA:326,0
DA:327,1
DA:328,1
DA:329,1
DA:330,0
DA:331,1
DA:332,1
DA:333,1
DA:334,1
DA:335,1
DA:336,1
DA:337,1
DA:338,0
DA:339,1
DA:340,1
DA:341,1
DA:342,1
DA:343,1
DA:344,1
DA:345,1
DA:346,1
DA:347,1
DA:348,1
DA:349,1
DA:350,1
DA:351,1
DA:352,1
DA:353,1
DA:354,1
DA:355,1
DA:356,1
DA:357,1
DA:358,1
DA:359,1
DA:360,1
DA:361,1
DA:362,1
DA:363,1
DA:364,1
DA:365,1
DA:366,1
DA:367,1
DA:368,1
DA:369,1
DA:370,1
DA:371,1
DA:372,1
DA:373,1
DA:374,1
DA:375,1
DA:376,1
DA:377,1
DA:378,1
DA:379,1
DA:380,1
DA:381,1
DA:382,1
DA:383,1
DA:384,1
DA:385,1
DA:386,1
DA:387,1
DA:388,1
DA:389,1
DA:390,1
DA:391,1
DA:392,1
DA:393,1
DA:394,0
DA:395,0
DA:396,1
DA:397,1
DA:398,1
DA:399,1
DA:400,1
DA:401,1
DA:402,1
DA:403,1
DA:404,1
DA:405,1
DA:406,1
DA:407,1
DA:408,1
DA:409,1
DA:410,1
DA:411,0
DA:412,0
DA:413,0
DA:414,0
DA:415,0
DA:416,0
DA:417,0
DA:418,0
DA:419,0
DA:420,0
DA:421,0
DA:422,0
DA:423,0
DA:424,0
DA:425,0
DA:426,0
DA:427,0
DA:428,0
DA:429,0
DA:430,0
DA:431,0
DA:432,0
DA:433,0
DA:434,0
DA:435,0
DA:436,0
DA:437,0
DA:438,0
DA:439,0
DA:440,0
DA:441,0
DA:442,0
DA:443,0
DA:444,0
DA:445,0
DA:446,0
DA:447,0
DA:448,0
DA:449,0
DA:450,0
DA:451,0
DA:452,0
DA:453,0
DA:454,0
DA:455,0
DA:456,0
DA:457,1
DA:458,1
DA:459,1
DA:460,1
DA:461,1
DA:462,1
DA:463,1
DA:464,1
DA:465,1
DA:466,1
DA:467,1
DA:468,1
DA:469,1
DA:470,1
DA:471,1
DA:472,1
DA:473,1
DA:474,1
DA:475,1
DA:476,1
DA:477,1
DA:478,1
DA:479,1
DA:480,1
DA:481,1
DA:482,1
DA:483,1
DA:484,1
DA:485,1
DA:486,1
DA:487,1
DA:488,1
DA:489,1
DA:490,1
DA:491,1
DA:492,1
DA:493,1
DA:494,1
DA:495,1
DA:496,1
DA:497,1
DA:498,1
DA:499,1
DA:500,1
DA:501,1
DA:502,1
DA:503,1
DA:504,1
DA:505,1
DA:506,1
DA:507,1
DA:508,1
DA:509,1
DA:510,1
DA:511,1
DA:512,1
DA:513,1
DA:514,1
DA:515,1
DA:516,1
DA:517,1
DA:518,1
DA:519,1
DA:520,1
DA:521,1
DA:522,1
DA:523,1
DA:524,1
DA:525,1
DA:526,1
DA:527,1
DA:528,1
DA:529,1
DA:530,1
DA:531,1
DA:532,1
DA:533,1
DA:534,1
DA:535,1
DA:536,0
DA:537,1
DA:538,1
DA:539,1
DA:540,1
DA:541,1
DA:542,1
DA:543,1
DA:544,1
DA:545,1
DA:546,1
DA:547,1
DA:548,1
DA:549,1
DA:550,1
DA:551,1
DA:552,1
DA:553,1
DA:554,1
DA:555,0
DA:556,0
DA:557,0
DA:558,0
DA:559,1
DA:560,1
DA:561,0
DA:562,0
DA:563,0
DA:564,0
DA:565,0
DA:566,0
DA:567,0
DA:568,0
DA:569,0
DA:570,0
DA:571,0
DA:572,0
DA:573,0
DA:574,1
DA:575,1
DA:576,1
DA:577,1
DA:578,1
DA:579,0
DA:580,0
DA:581,0
DA:582,0
DA:583,0
DA:584,0
DA:585,0
DA:586,0
DA:587,0
DA:588,0
DA:589,0
DA:590,0
DA:591,0
DA:592,0
DA:593,0
DA:594,0
DA:595,0
DA:596,0
DA:597,0
DA:598,0
DA:599,0
DA:600,0
DA:601,0
DA:602,0
DA:603,0
DA:604,0
DA:605,0
DA:606,1
DA:607,1
DA:608,1
DA:609,1
DA:610,0
DA:611,0
DA:612,0
DA:613,0
DA:614,1
DA:615,1
DA:616,0
DA:617,0
DA:618,0
DA:619,0
DA:620,0
DA:621,1
DA:622,1
DA:623,1
DA:624,0
DA:625,0
DA:626,1
DA:627,1
DA:628,0
DA:629,0
DA:630,0
DA:631,0
DA:632,0
DA:633,0
DA:634,0
DA:635,0
DA:636,0
DA:637,0
DA:638,0
DA:639,0
DA:640,1
DA:641,1
DA:642,0
DA:643,0
DA:644,0
DA:645,0
DA:646,0
DA:647,0
DA:648,0
DA:649,0
DA:650,0
DA:651,0
DA:652,0
DA:653,0
DA:654,0
DA:655,0
DA:656,1
DA:657,1
DA:658,0
DA:659,0
DA:660,0
DA:661,0
DA:662,0
DA:663,1
DA:664,1
DA:665,1
DA:666,1
DA:667,0
DA:668,0
DA:669,0
DA:670,0
DA:671,0
DA:672,1
DA:673,1
DA:674,1
DA:675,1
DA:676,0
DA:677,0
DA:678,1
DA:679,1
DA:680,1
DA:681,1
DA:682,1
DA:683,1
DA:684,1
DA:685,1
DA:686,1
DA:687,0
DA:688,0
DA:689,0
DA:690,0
DA:691,0
DA:692,0
DA:693,0
DA:694,1
DA:695,1
DA:696,0
DA:697,0
DA:698,0
DA:699,0
DA:700,0
DA:701,0
DA:702,0
DA:703,1
DA:704,1
DA:705,0
DA:706,0
DA:707,1
DA:708,1
DA:709,1
DA:710,1
DA:711,1
DA:712,0
DA:713,1
DA:714,1
DA:715,0
DA:716,0
DA:717,0
DA:718,0
DA:719,1
DA:720,1
DA:721,1
DA:722,1
DA:723,1
DA:724,1
DA:725,1
DA:726,1
DA:727,1
DA:728,1
DA:729,0
DA:730,0
DA:731,0
DA:732,0
DA:733,0
DA:734,0
DA:735,0
DA:736,0
DA:737,0
DA:738,0
DA:739,0
DA:740,0
DA:741,0
DA:742,0
DA:743,0
DA:744,0
DA:745,0
DA:746,0
DA:747,0
DA:748,1
DA:749,1
DA:750,0
DA:751,0
DA:752,1
DA:753,1
DA:754,0
DA:755,0
DA:756,0
DA:757,0
DA:758,0
DA:759,0
DA:760,1
DA:761,1
DA:762,0
DA:763,0
DA:764,0
DA:765,0
DA:766,0
DA:767,0
DA:768,1
DA:769,1
DA:770,0
DA:771,0
DA:772,0
DA:773,0
DA:774,1
DA:775,1
DA:776,0
DA:777,1
DA:778,1
DA:779,0
DA:780,1
DA:781,1
DA:782,0
DA:783,0
DA:784,1
DA:785,1
DA:786,0
DA:787,0
DA:788,0
DA:789,1
DA:790,1
DA:791,0
DA:792,0
DA:793,0
DA:794,0
DA:795,0
DA:796,0
DA:797,0
DA:798,0
DA:799,1
DA:800,1
DA:801,1
DA:802,0
DA:803,0
DA:804,0
DA:805,0
DA:806,0
DA:807,0
DA:808,0
DA:809,0
DA:810,0
DA:811,0
DA:812,0
DA:813,0
DA:814,0
DA:815,0
DA:816,0
DA:817,0
DA:818,0
DA:819,0
DA:820,0
DA:821,1
DA:822,1
DA:823,0
DA:824,0
DA:825,0
DA:826,1
DA:827,1
DA:828,0
DA:829,0
DA:830,0
DA:831,0
DA:832,0
DA:833,0
DA:834,0
DA:835,1
DA:836,1
DA:837,0
DA:838,0
DA:839,0
DA:840,0
DA:841,0
DA:842,0
DA:843,0
DA:844,0
DA:845,0
DA:846,0
DA:847,0
DA:848,0
DA:849,0
DA:850,0
DA:851,0
DA:852,0
DA:853,0
DA:854,0
DA:855,0
DA:856,0
DA:857,0
DA:858,0
DA:859,0
DA:860,0
DA:861,0
DA:862,0
DA:863,0
DA:864,0
DA:865,0
DA:866,0
DA:867,1
DA:868,1
DA:869,0
DA:870,0
DA:871,0
DA:872,0
DA:873,0
DA:874,1
DA:875,1
DA:876,0
DA:877,0
DA:878,0
DA:879,0
DA:880,0
DA:881,0
DA:882,0
DA:883,1
DA:884,1
DA:885,1
DA:886,1
DA:887,0
DA:888,0
DA:889,0
DA:890,0
DA:891,0
DA:892,0
DA:893,0
DA:894,0
DA:895,0
DA:896,0
DA:897,0
DA:898,0
DA:899,0
DA:900,0
DA:901,0
DA:902,0
DA:903,0
DA:904,0
DA:905,0
DA:906,0
DA:907,0
DA:908,0
DA:909,0
DA:910,0
DA:911,0
DA:912,0
DA:913,0
DA:914,0
DA:915,0
DA:916,0
DA:917,0
DA:918,0
DA:919,0
DA:920,0
DA:921,0
DA:922,0
DA:923,0
DA:924,0
DA:925,0
DA:926,0
DA:927,0
DA:928,0
DA:929,0
DA:930,0
DA:931,0
DA:932,0
DA:933,1
DA:934,1
DA:935,1
DA:936,0
DA:937,0
DA:938,0
DA:939,0
DA:940,0
DA:941,0
DA:942,1
DA:943,1
DA:944,0
DA:945,0
DA:946,1
DA:947,1
DA:948,1
DA:949,1
DA:950,1
DA:951,0
DA:952,1
DA:953,1
DA:954,0
DA:955,0
DA:956,1
DA:957,1
DA:958,0
DA:959,0
DA:960,0
DA:961,1
DA:962,1
DA:963,1
DA:964,1
DA:965,1
DA:966,0
DA:967,1
DA:968,1
DA:969,0
DA:970,0
DA:971,0
DA:972,0
DA:973,0
DA:974,0
DA:975,0
DA:976,0
DA:977,0
DA:978,0
DA:979,0
DA:980,0
DA:981,0
DA:982,0
DA:983,1
DA:984,1
DA:985,0
DA:986,0
DA:987,0
DA:988,1
DA:989,1
DA:990,1
DA:991,1
DA:992,1
LF:992
LH:594
BRDA:1,0,0,1
BRDA:38,1,0,0
BRDA:39,2,0,0
BRDA:43,3,0,0
BRDA:237,4,0,0
BRDA:606,5,0,0
BRDA:674,6,0,0
BRDA:674,7,0,0
BRDA:678,8,0,0
BRDA:678,9,0,0
BRDA:678,10,0,0
BRDA:703,11,0,0
BRDA:703,12,0,0
BRDA:703,13,0,0
BRDA:710,14,0,0
BRDA:710,15,0,0
BRDA:710,16,0,0
BRDA:722,17,0,0
BRDA:39,18,0,1
BRDA:39,19,0,1
BRDA:39,20,0,1
BRDA:39,21,0,1
BRDA:39,22,0,1
BRDA:40,23,0,1
BRDA:40,24,0,1
BRDA:40,25,0,1
BRDA:40,26,0,1
BRDA:40,27,0,1
BRDA:43,28,0,1
BRDA:43,29,0,1
BRDA:43,30,0,1
BRDA:69,31,0,0
BRDA:137,32,0,0
BRDA:137,33,0,0
BRDA:150,34,0,0
BRDA:153,35,0,0
BRDA:154,36,0,0
BRDA:171,37,0,0
BRDA:173,38,0,0
BRDA:175,39,0,0
BRDA:197,40,0,0
BRDA:198,41,0,0
BRDA:199,42,0,0
BRDA:200,43,0,0
BRDA:201,44,0,0
BRDA:202,45,0,0
BRDA:207,46,0,0
BRDA:221,47,0,0
BRDA:222,48,0,0
BRDA:43,49,0,1
BRDA:43,50,0,1
BRDA:44,51,0,1
BRDA:44,52,0,1
BRDA:44,53,0,1
BRDA:48,54,0,1
BRDA:48,55,0,0
BRDA:56,56,0,1
BRDA:59,57,0,1
BRDA:59,58,0,0
BRDA:60,59,0,0
BRDA:63,60,0,1
BRDA:63,61,0,1
BRDA:63,62,0,1
BRDA:63,63,0,1
BRDA:64,64,0,1
BRDA:64,65,0,1
BRDA:64,66,0,1
BRDA:65,67,0,1
BRDA:65,68,0,1
BRDA:66,69,0,1
BRDA:67,70,0,1
BRDA:67,71,0,0
BRDA:67,72,0,1
BRDA:68,73,0,0
BRDA:68,74,0,0
BRDA:68,75,0,1
BRDA:69,76,0,1
BRDA:69,77,0,1
BRDA:69,78,0,0
BRDA:69,79,0,0
BRDA:69,80,0,1
BRDA:70,81,0,1
BRDA:70,82,0,1
BRDA:70,83,0,1
BRDA:71,84,0,0
BRDA:71,85,0,1
BRDA:71,86,0,1
BRDA:71,87,0,1
BRDA:72,88,0,1
BRDA:73,89,0,1
BRDA:73,90,0,1
BRDA:86,91,0,0
BRDA:110,92,0,0
BRDA:111,93,0,0
BRDA:111,94,0,0
BRDA:75,95,0,1
BRDA:75,96,0,1
BRDA:75,97,0,1
BRDA:76,98,0,1
BRDA:76,99,0,1
BRDA:77,100,0,1
BRDA:77,101,0,1
BRDA:82,102,0,1
BRDA:87,103,0,1
BRDA:87,104,0,1
BRDA:87,105,0,1
BRDA:87,106,0,0
BRDA:87,107,0,0
BRDA:87,108,0,0
BRDA:88,109,0,0
BRDA:89,110,0,0
BRDA:92,111,0,0
BRDA:93,112,0,0
BRDA:93,113,0,0
BRDA:93,114,0,0
BRDA:93,115,0,0
BRDA:94,116,0,0
BRDA:87,117,0,1
BRDA:87,118,0,1
BRDA:88,119,0,1
BRDA:90,120,0,1
BRDA:90,121,0,0
BRDA:90,122,0,0
BRDA:91,123,0,0
BRDA:91,124,0,0
BRDA:91,125,0,0
BRDA:91,126,0,1
BRDA:91,127,0,1
BRDA:91,128,0,1
BRDA:92,129,0,1
BRDA:110,130,0,1
BRDA:110,131,0,1
BRDA:111,132,0,1
BRDA:111,133,0,1
BRDA:114,134,0,1
BRDA:114,135,0,0
BRDA:114,136,0,0
BRDA:115,137,0,0
BRDA:115,138,0,0
BRDA:119,139,0,1
BRDA:119,140,0,1
BRDA:119,141,0,0
BRDA:120,142,0,1
BRDA:120,143,0,1
BRDA:120,144,0,1
BRDA:120,145,0,1
BRDA:120,146,0,1
BRDA:120,147,0,1
BRDA:120,148,0,1
BRDA:121,149,0,1
BRDA:123,150,0,0
BRDA:123,151,0,1
BRDA:123,152,0,1
BRDA:124,153,0,1
BRDA:125,154,0,1
BRDA:125,155,0,0
BRDA:125,156,0,1
BRDA:127,157,0,1
BRDA:127,158,0,1
BRDA:132,159,0,1
BRDA:134,160,0,1
BRDA:137,161,0,1
BRDA:153,162,0,1
BRDA:156,163,0,1
BRDA:166,164,0,1
BRDA:166,165,0,1
BRDA:169,166,0,0
BRDA:175,167,0,1
BRDA:177,168,0,1
BRDA:188,169,0,1
BRDA:188,170,0,1
BRDA:190,171,0,1
BRDA:194,172,0,1
BRDA:194,173,0,1
BRDA:197,174,0,1
BRDA:197,175,0,1
BRDA:197,176,0,1
BRDA:201,177,0,1
BRDA:205,178,0,1
BRDA:208,179,0,1
BRDA:208,180,0,1
BRDA:217,181,0,1
BRDA:229,182,0,1
BRDA:232,183,0,1
BRDA:233,184,0,1
BRDA:233,185,0,1
BRDA:233,186,0,1
BRDA:236,187,0,1
BRDA:236,188,0,1
BRDA:236,189,0,1
BRDA:236,190,0,1
BRDA:238,191,0,1
BRDA:238,192,0,1
BRDA:239,193,0,1
BRDA:240,194,0,1
BRDA:240,195,0,1
BRDA:240,196,0,1
BRDA:240,197,0,1
BRDA:242,198,0,1
BRDA:242,199,0,1
BRDA:242,200,0,1
BRDA:242,201,0,1
BRDA:244,202,0,1
BRDA:244,203,0,1
BRDA:244,204,0,1
BRDA:244,205,0,1
BRDA:245,206,0,1
BRDA:245,207,0,1
BRDA:245,208,0,1
BRDA:245,209,0,1
BRDA:250,210,0,1
BRDA:250,211,0,1
BRDA:250,212,0,1
BRDA:250,213,0,1
BRDA:254,214,0,1
BRDA:254,215,0,1
BRDA:254,216,0,1
BRDA:254,217,0,1
BRDA:257,218,0,1
BRDA:257,219,0,1
BRDA:257,220,0,1
BRDA:257,221,0,1
BRDA:257,222,0,1
BRDA:257,223,0,1
BRDA:257,224,0,1
BRDA:259,225,0,1
BRDA:259,226,0,1
BRDA:259,227,0,1
BRDA:259,228,0,1
BRDA:260,229,0,1
BRDA:260,230,0,0
BRDA:262,231,0,1
BRDA:262,232,0,1
BRDA:268,233,0,1
BRDA:281,234,0,0
BRDA:281,235,0,0
BRDA:281,236,0,0
BRDA:281,237,0,0
BRDA:282,238,0,0
BRDA:282,239,0,0
BRDA:282,240,0,0
BRDA:282,241,0,0
BRDA:282,242,0,0
BRDA:282,243,0,0
BRDA:282,244,0,0
BRDA:282,245,0,0
BRDA:408,246,0,0
BRDA:268,247,0,1
BRDA:268,248,0,1
BRDA:268,249,0,1
BRDA:268,250,0,1
BRDA:268,251,0,1
BRDA:269,252,0,1
BRDA:269,253,0,1
BRDA:269,254,0,1
BRDA:269,255,0,1
BRDA:271,256,0,1
BRDA:271,257,0,1
BRDA:273,258,0,1
BRDA:273,259,0,1
BRDA:273,260,0,1
BRDA:273,261,0,1
BRDA:282,262,0,1
BRDA:282,263,0,1
BRDA:282,264,0,1
BRDA:282,265,0,1
BRDA:282,266,0,1
BRDA:287,267,0,1
BRDA:346,268,0,0
BRDA:347,269,0,0
BRDA:347,270,0,0
BRDA:348,271,0,0
BRDA:348,272,0,0
BRDA:348,273,0,0
BRDA:348,274,0,0
BRDA:348,275,0,0
BRDA:348,276,0,0
BRDA:348,277,0,0
BRDA:349,278,0,0
BRDA:349,279,0,0
BRDA:349,280,0,0
BRDA:354,281,0,0
BRDA:354,282,0,0
BRDA:354,283,0,0
BRDA:354,284,0,0
BRDA:355,285,0,0
BRDA:355,286,0,0
BRDA:355,287,0,0
BRDA:356,288,0,0
BRDA:362,289,0,0
BRDA:362,290,0,0
BRDA:362,291,0,0
BRDA:362,292,0,0
BRDA:362,293,0,0
BRDA:362,294,0,0
BRDA:362,295,0,0
BRDA:288,296,0,1
BRDA:288,297,0,1
BRDA:288,298,0,1
BRDA:289,299,0,1
BRDA:289,300,0,1
BRDA:289,301,0,1
BRDA:290,302,0,1
BRDA:290,303,0,1
BRDA:291,304,0,1
BRDA:291,305,0,1
BRDA:295,306,0,1
BRDA:295,307,0,1
BRDA:295,308,0,1
BRDA:295,309,0,1
BRDA:295,310,0,0
BRDA:296,311,0,0
BRDA:296,312,0,0
BRDA:297,313,0,1
BRDA:301,314,0,1
BRDA:301,315,0,1
BRDA:301,316,0,1
BRDA:301,317,0,1
BRDA:301,318,0,1
BRDA:301,319,0,1
BRDA:306,320,0,1
BRDA:313,321,0,1
BRDA:313,322,0,1
BRDA:313,323,0,1
BRDA:313,324,0,1
BRDA:313,325,0,1
BRDA:313,326,0,1
BRDA:313,327,0,1
BRDA:313,328,0,0
BRDA:314,329,0,0
BRDA:314,330,0,0
BRDA:314,331,0,0
BRDA:314,332,0,1
BRDA:314,333,0,1
BRDA:314,334,0,1
BRDA:314,335,0,1
BRDA:314,336,0,1
BRDA:314,337,0,1
BRDA:314,338,0,1
BRDA:314,339,0,1
BRDA:314,340,0,1
BRDA:314,341,0,1
BRDA:314,342,0,1
BRDA:314,343,0,1
BRDA:315,344,0,1
BRDA:315,345,0,1
BRDA:315,346,0,1
BRDA:316,347,0,1
BRDA:317,348,0,1
BRDA:318,349,0,1
BRDA:319,350,0,0
BRDA:319,351,0,1
BRDA:319,352,0,1
BRDA:320,353,0,1
BRDA:321,354,0,1
BRDA:321,355,0,1
BRDA:322,356,0,1
BRDA:322,357,0,1
BRDA:322,358,0,1
BRDA:322,359,0,0
BRDA:322,360,0,0
BRDA:323,361,0,0
BRDA:323,362,0,0
BRDA:323,363,0,0
BRDA:323,364,0,0
BRDA:323,365,0,0
BRDA:323,366,0,0
BRDA:323,367,0,0
BRDA:324,368,0,0
BRDA:324,369,0,0
BRDA:324,370,0,0
BRDA:324,371,0,0
BRDA:324,372,0,0
BRDA:327,373,0,1
BRDA:327,374,0,1
BRDA:327,375,0,0
BRDA:327,376,0,0
BRDA:328,377,0,0
BRDA:328,378,0,1
BRDA:328,379,0,1
BRDA:328,380,0,1
BRDA:332,381,0,1
BRDA:332,382,0,1
BRDA:332,383,0,1
BRDA:332,384,0,1
BRDA:332,385,0,1
BRDA:333,386,0,1
BRDA:333,387,0,1
BRDA:333,388,0,1
BRDA:333,389,0,1
BRDA:333,390,0,1
BRDA:333,391,0,1
BRDA:333,392,0,1
BRDA:334,393,0,1
BRDA:334,394,0,1
BRDA:334,395,0,1
BRDA:334,396,0,1
BRDA:336,397,0,1
BRDA:336,398,0,1
BRDA:339,399,0,1
BRDA:339,400,0,1
BRDA:340,401,0,1
BRDA:340,402,0,1
BRDA:340,403,0,1
BRDA:341,404,0,1
BRDA:341,405,0,1
BRDA:341,406,0,1
BRDA:341,407,0,1
BRDA:341,408,0,1
BRDA:344,409,0,1
BRDA:344,410,0,1
BRDA:344,411,0,1
BRDA:344,412,0,1
BRDA:344,413,0,1
BRDA:344,414,0,1
BRDA:345,415,0,1
BRDA:345,416,0,1
BRDA:345,417,0,1
BRDA:345,418,0,0
BRDA:345,419,0,0
BRDA:346,420,0,1
BRDA:347,421,0,1
BRDA:347,422,0,1
BRDA:347,423,0,1
BRDA:348,424,0,1
BRDA:348,425,0,1
BRDA:349,426,0,1
BRDA:349,427,0,1
BRDA:349,428,0,1
BRDA:349,429,0,1
BRDA:350,430,0,1
BRDA:350,431,0,1
BRDA:352,432,0,1
BRDA:352,433,0,1
BRDA:354,434,0,1
BRDA:354,435,0,1
BRDA:354,436,0,1
BRDA:356,437,0,1
BRDA:361,438,0,1
BRDA:361,439,0,1
BRDA:362,440,0,1
BRDA:363,441,0,1
BRDA:363,442,0,1
BRDA:363,443,0,1
BRDA:363,444,0,1
BRDA:363,445,0,1
BRDA:387,446,0,1
BRDA:399,447,0,1
BRDA:399,448,0,1
BRDA:399,449,0,1
BRDA:399,450,0,1
BRDA:400,451,0,1
BRDA:400,452,0,1
BRDA:401,453,0,1
BRDA:402,454,0,1
BRDA:404,455,0,1
BRDA:404,456,0,1
BRDA:410,457,0,1
BRDA:410,458,0,1
BRDA:410,459,0,1
BRDA:458,460,0,1
BRDA:511,461,0,0
BRDA:512,462,0,0
BRDA:458,463,0,1
BRDA:458,464,0,1
BRDA:459,465,0,1
BRDA:459,466,0,1
BRDA:459,467,0,1
BRDA:460,468,0,1
BRDA:461,469,0,1
BRDA:461,470,0,1
BRDA:461,471,0,1
BRDA:464,472,0,1
BRDA:464,473,0,1
BRDA:512,474,0,1
BRDA:514,475,0,1
BRDA:545,476,0,0
BRDA:548,477,0,0
BRDA:516,478,0,1
BRDA:517,479,0,1
BRDA:517,480,0,1
BRDA:519,481,0,1
BRDA:549,482,0,1
BRDA:552,483,0,1
BRDA:552,484,0,0
BRDA:552,485,0,0
BRDA:552,486,0,1
BRDA:554,487,0,1
BRDA:554,488,0,1
BRDA:560,489,0,1
BRDA:560,490,0,1
BRDA:575,491,0,1
BRDA:577,492,0,0
BRDA:577,493,0,0
BRDA:577,494,0,0
BRDA:578,495,0,0
BRDA:607,496,0,1
BRDA:607,497,0,1
BRDA:607,498,0,1
BRDA:607,499,0,1
BRDA:607,500,0,1
BRDA:615,501,0,1
BRDA:675,502,0,0
BRDA:679,503,0,0
BRDA:680,504,0,0
BRDA:682,505,0,0
BRDA:684,506,0,0
BRDA:685,507,0,0
BRDA:686,508,0,0
BRDA:695,509,0,0
BRDA:704,510,0,0
BRDA:709,511,0,0
BRDA:711,512,0,0
BRDA:714,513,0,0
BRDA:720,514,0,0
BRDA:781,515,0,0
BRDA:785,516,0,0
BRDA:790,517,0,0
BRDA:801,518,0,0
BRDA:822,519,0,0
BRDA:827,520,0,0
BRDA:934,521,0,0
BRDA:935,522,0,0
BRDA:943,523,0,0
BRDA:946,524,0,0
BRDA:947,525,0,0
BRDA:948,526,0,0
BRDA:949,527,0,0
BRDA:950,528,0,0
BRDA:953,529,0,0
BRDA:957,530,0,0
BRDA:963,531,0,0
BRDA:965,532,0,0
BRDA:968,533,0,0
BRDA:984,534,0,0
BRDA:992,535,0,0
BRF:536
BRH:351
end_of_record
